Log file open, 01/10/21 20:59:07
LogWindows: Failed to load 'aqProf.dll' (GetLastError=126)
LogWindows: File 'aqProf.dll' does not exist
LogWindows: Failed to load 'VSPerf140.dll' (GetLastError=126)
LogWindows: File 'VSPerf140.dll' does not exist
LogWindows: Failed to load 'VtuneApi.dll' (GetLastError=126)
LogWindows: File 'VtuneApi.dll' does not exist
LogWindows: Failed to load 'VtuneApi32e.dll' (GetLastError=126)
LogWindows: File 'VtuneApi32e.dll' does not exist
LogInit: Display: Running engine for game: BallRunner
LogPlatformFile: Not using cached read wrapper
LogTaskGraph: Started task graph with 5 named threads and 35 total threads with 3 sets of task threads.
LogStats: Stats thread started at 1.187938
LogD3D11RHI: Loaded GFSDK_Aftermath_Lib.x64.dll
LogICUInternationalization: Display: ICU TimeZone Detection - Raw Offset: +1:00, Platform Override: ''
LogPluginManager: Mounting plugin Paper2D
LogPluginManager: Mounting plugin AISupport
LogPluginManager: Mounting plugin LightPropagationVolume
LogPluginManager: Mounting plugin CLionSourceCodeAccess
LogPluginManager: Mounting plugin CodeLiteSourceCodeAccess
LogPluginManager: Mounting plugin GitSourceControl
LogPluginManager: Mounting plugin KDevelopSourceCodeAccess
LogPluginManager: Mounting plugin NullSourceCodeAccess
LogPluginManager: Mounting plugin PerforceSourceControl
LogPluginManager: Mounting plugin SubversionSourceControl
LogPluginManager: Mounting plugin UObjectPlugin
LogPluginManager: Mounting plugin VisualStudioCodeSourceCodeAccess
LogPluginManager: Mounting plugin VisualStudioSourceCodeAccess
LogPluginManager: Mounting plugin XCodeSourceCodeAccess
LogPluginManager: Mounting plugin AssetManagerEditor
LogPluginManager: Mounting plugin CryptoKeys
LogPluginManager: Mounting plugin DataValidation
LogPluginManager: Mounting plugin FacialAnimation
LogPluginManager: Mounting plugin GameplayTagsEditor
LogPluginManager: Mounting plugin MacGraphicsSwitching
LogPluginManager: Mounting plugin MeshEditor
LogPluginManager: Mounting plugin MobileLauncherProfileWizard
LogPluginManager: Mounting plugin PluginBrowser
LogPluginManager: Mounting plugin SpeedTreeImporter
LogPluginManager: Mounting plugin DatasmithContent
LogPluginManager: Mounting plugin AlembicImporter
LogPluginManager: Mounting plugin AppleImageUtils
LogPluginManager: Mounting plugin AppleVision
LogPluginManager: Mounting plugin BackChannel
LogPluginManager: Mounting plugin CharacterAI
LogPluginManager: Mounting plugin GeometryCache
LogPluginManager: Mounting plugin HTML5Networking
LogPluginManager: Mounting plugin ProxyLODPlugin
LogPluginManager: Mounting plugin MagicLeap
LogPluginManager: Mounting plugin MagicLeapEmulator
LogPluginManager: Mounting plugin MagicLeapMedia
LogPluginManager: Mounting plugin AndroidMedia
LogPluginManager: Mounting plugin AvfMedia
LogPluginManager: Mounting plugin ImgMedia
LogPluginManager: Mounting plugin LinearTimecode
LogPluginManager: Mounting plugin MediaCompositing
LogPluginManager: Mounting plugin MediaPlayerEditor
LogPluginManager: Mounting plugin WmfMedia
LogPluginManager: Mounting plugin TcpMessaging
LogPluginManager: Mounting plugin UdpMessaging
LogPluginManager: Mounting plugin ActorSequence
LogPluginManager: Mounting plugin LevelSequenceEditor
LogPluginManager: Mounting plugin MatineeToLevelSequence
LogPluginManager: Mounting plugin NetcodeUnitTest
LogPluginManager: Mounting plugin NUTUnrealEngine4
LogPluginManager: Mounting plugin OnlineSubsystemGooglePlay
LogPluginManager: Mounting plugin OnlineSubsystemIOS
LogPluginManager: Mounting plugin OnlineSubsystem
LogPluginManager: Mounting plugin OnlineSubsystemNull
LogPluginManager: Mounting plugin OnlineSubsystemUtils
LogPluginManager: Mounting plugin LauncherChunkInstaller
LogPluginManager: Mounting plugin AndroidDeviceProfileSelector
LogPluginManager: Mounting plugin AndroidMoviePlayer
LogPluginManager: Mounting plugin AndroidPermission
LogPluginManager: Mounting plugin AppleMoviePlayer
LogPluginManager: Mounting plugin ArchVisCharacter
LogPluginManager: Mounting plugin AudioCapture
LogPluginManager: Mounting plugin CableComponent
LogPluginManager: Mounting plugin CustomMeshComponent
LogPluginManager: Mounting plugin EditableMesh
LogPluginManager: Mounting plugin ExampleDeviceProfileSelector
LogPluginManager: Mounting plugin GoogleCloudMessaging
LogPluginManager: Mounting plugin ImmediatePhysics
LogPluginManager: Mounting plugin IOSDeviceProfileSelector
LogPluginManager: Mounting plugin LinuxDeviceProfileSelector
LogPluginManager: Mounting plugin LocationServicesBPLibrary
LogPluginManager: Mounting plugin MobilePatchingUtils
LogPluginManager: Mounting plugin OculusVR
LogPluginManager: Plugin shader directory ../../../Engine/Plugins/Runtime/Oculus/OculusVR/Shaders found
LogPluginManager: Mapping shader source directory ../../../Engine/Plugins/Runtime/Oculus/OculusVR/Shaders to virtual directory /Plugin/OculusVR
LogPluginManager: Mounting plugin PhysXVehicles
LogPluginManager: Mounting plugin ProceduralMeshComponent
LogPluginManager: Mounting plugin RuntimePhysXCooking
LogPluginManager: Mounting plugin SteamVR
LogPluginManager: Mounting plugin WindowsMoviePlayer
LogStreaming: Display: Took  0.193s to configure plugins.
LogInit: Using libcurl 7.55.1-DEV
LogInit:  - built for x86_64-pc-win32
LogInit:  - supports SSL with OpenSSL/1.0.2h
LogInit:  - supports HTTP deflate (compression) using libz 1.2.8
LogInit:  - other features:
LogInit:      CURL_VERSION_SSL
LogInit:      CURL_VERSION_LIBZ
LogInit:      CURL_VERSION_IPV6
LogInit:      CURL_VERSION_ASYNCHDNS
LogInit:      CURL_VERSION_LARGEFILE
LogInit:      CURL_VERSION_IDN
LogInit:  CurlRequestOptions (configurable via config and command line):
LogInit:  - bVerifyPeer = false  - Libcurl will NOT verify peer certificate
LogInit:  - bUseHttpProxy = false  - Libcurl will NOT use HTTP proxy
LogInit:  - bDontReuseConnections = false  - Libcurl will reuse connections
LogInit:  - CertBundlePath = nullptr  - Libcurl will use whatever was configured at build time.
LogInit:  - MaxHostConnections = 16  - Libcurl will limit the number of connections to a host
LogInit:  - LocalHostAddr = Default
LogInit:  - BufferSize = 65536
LogInit: WinSock: version 1.1 (2.2), MaxSocks=32767, MaxUdp=65467
LogInit: Build: ++UE4+Release-4.20-CL-4369336
LogInit: Engine Version: 4.20.3-4369336+++UE4+Release-4.20
LogInit: Compatible Engine Version: 4.20.0-4212847+++UE4+Release-4.20
LogInit: Net CL: 4212847
LogInit: OS: Windows 10 (), CPU: Intel(R) Core(TM) i7-8750H CPU @ 2.20GHz, GPU: Intel(R) UHD Graphics 630
LogInit: Compiled (64-bit): Sep 17 2018 12:26:19
LogInit: Compiled with Visual C++: 19.13.26129.00
LogInit: Build Configuration: Development
LogInit: Branch Name: ++UE4+Release-4.20
LogInit: Command Line:  
LogInit: Base Directory: C:/Program Files/Epic Games/UE_4.20/Engine/Binaries/Win64/
LogInit: Installed Engine Build: 1
LogDevObjectVersion: Number of dev versions registered: 20
LogDevObjectVersion:   Dev-Blueprints (B0D832E4-1F89-4F0D-ACCF-7EB736FD4AA2): 10
LogDevObjectVersion:   Dev-Build (E1C64328-A22C-4D53-A36C-8E866417BD8C): 0
LogDevObjectVersion:   Dev-Core (375EC13C-06E4-48FB-B500-84F0262A717E): 2
LogDevObjectVersion:   Dev-Editor (E4B068ED-F494-42E9-A231-DA0B2E46BB41): 24
LogDevObjectVersion:   Dev-Framework (CFFC743F-43B0-4480-9391-14DF171D2073): 34
LogDevObjectVersion:   Dev-Mobile (B02B49B5-BB20-44E9-A304-32B752E40360): 2
LogDevObjectVersion:   Dev-Networking (A4E4105C-59A1-49B5-A7C5-40C4547EDFEE): 0
LogDevObjectVersion:   Dev-Online (39C831C9-5AE6-47DC-9A44-9C173E1C8E7C): 0
LogDevObjectVersion:   Dev-Physics (78F01B33-EBEA-4F98-B9B4-84EACCB95AA2): 0
LogDevObjectVersion:   Dev-Platform (6631380F-2D4D-43E0-8009-CF276956A95A): 0
LogDevObjectVersion:   Dev-Rendering (12F88B9F-8875-4AFC-A67C-D90C383ABD29): 26
LogDevObjectVersion:   Dev-Sequencer (7B5AE74C-D270-4C10-A958-57980B212A5A): 9
LogDevObjectVersion:   Dev-VR (D7296918-1DD6-4BDD-9DE2-64A83CC13884): 2
LogDevObjectVersion:   Dev-LoadTimes (C2A15278-BFE7-4AFE-6C17-90FF531DF755): 1
LogDevObjectVersion:   Private-Geometry (6EACA3D4-40EC-4CC1-B786-8BED09428FC5): 3
LogDevObjectVersion:   Dev-AnimPhys (29E575DD-E0A3-4627-9D10-D276232CDCEA): 17
LogDevObjectVersion:   Dev-ReflectionCapture (6B266CEC-1EC7-4B8F-A30B-E4D90942FC07): 1
LogDevObjectVersion:   Dev-Automation (0DF73D61-A23F-47EA-B727-89E90C41499A): 1
LogDevObjectVersion:   FortniteMain (601D1886-AC64-4F84-AA16-D3DE0DEAC7D6): 12
LogDevObjectVersion:   Dev-Enterprise (9DFFBCD6-494F-0158-E221-12823C92A888): 1
LogStreaming: Display: Took  0.016s to delete old logs.
LogInit: Presizing for max 8388607 objects, including 0 objects not considered by GC, pre-allocating 0 bytes for permanent pool.
LogInit: Object subsystem initialized
[2021.01.10-19.59.08:893][  0]LogInit: Selected Device Profile: [Windows]
[2021.01.10-19.59.08:894][  0]LogInit: Applying CVar settings loaded from the selected device profile: [Windows]
[2021.01.10-19.59.08:923][  0]LogHAL: Display: Platform has ~ 16 GB [17015570432 / 17179869184 / 16], which maps to Larger [LargestMinGB=32, LargerMinGB=12, DefaultMinGB=8, SmallerMinGB=6, SmallestMinGB=0)
[2021.01.10-19.59.08:923][  0]LogInit: Setting Device Profile CVar: [[r.Vulkan.UseRealUBs:1]]
[2021.01.10-19.59.08:923][  0]LogInit: Going up to parent DeviceProfile []
[2021.01.10-19.59.08:925][  0]LogInit: Computer: DESKTOP-UNUEO59
[2021.01.10-19.59.08:925][  0]LogInit: User: torra
[2021.01.10-19.59.08:925][  0]LogInit: CPU Page size=4096, Cores=6
[2021.01.10-19.59.08:925][  0]LogInit: High frequency timer resolution =10.000000 MHz
[2021.01.10-19.59.08:925][  0]LogMemory: Memory total: Physical=15.8GB (16GB approx)
[2021.01.10-19.59.08:925][  0]LogMemory: Platform Memory Stats for Windows
[2021.01.10-19.59.08:925][  0]LogMemory: Process Physical Memory: 104.62 MB used, 104.63 MB peak
[2021.01.10-19.59.08:926][  0]LogMemory: Process Virtual Memory: 85.85 MB used, 85.85 MB peak
[2021.01.10-19.59.08:926][  0]LogMemory: Physical Memory: 8667.54 MB used,  7559.78 MB free, 16227.31 MB total
[2021.01.10-19.59.08:926][  0]LogMemory: Virtual Memory: 4627.07 MB used,  7559.78 MB free, 134217728.00 MB total
[2021.01.10-19.59.09:267][  0]LogInit: Using OS detected language (pl-PL).
[2021.01.10-19.59.09:267][  0]LogInit: Using OS detected locale (pl-PL).
[2021.01.10-19.59.09:269][  0]LogTextLocalizationManager: No specific localization for 'pl-PL' exists, so the 'pl' localization will be used.
[2021.01.10-19.59.09:278][  0]LogStreaming: Display: Took  0.011s to InitEngineTextLocalization.
[2021.01.10-19.59.09:355][  0]LogSlate: New Slate User Created.  User Index 0, Is Virtual User: 0
[2021.01.10-19.59.09:355][  0]LogSlate: Slate User Registered.  User Index 0, Is Virtual User: 0
[2021.01.10-19.59.10:198][  0]LogHMD: Failed to initialize OpenVR with code 110
[2021.01.10-19.59.10:198][  0]LogD3D11RHI: D3D11 adapters:
[2021.01.10-19.59.10:366][  0]LogD3D11RHI:    0. 'NVIDIA GeForce GTX 1650' (Feature Level 11_0)
[2021.01.10-19.59.10:366][  0]LogD3D11RHI:       3962/0/8113 MB DedicatedVideo/DedicatedSystem/SharedSystem, Outputs:2, VendorId:0x10de
[2021.01.10-19.59.10:421][  0]LogD3D11RHI:    1. 'Intel(R) UHD Graphics 630' (Feature Level 11_0)
[2021.01.10-19.59.10:421][  0]LogD3D11RHI:       128/0/8113 MB DedicatedVideo/DedicatedSystem/SharedSystem, Outputs:0, VendorId:0x8086
[2021.01.10-19.59.10:432][  0]LogD3D11RHI:    2. 'Microsoft Basic Render Driver' (Feature Level 11_0)
[2021.01.10-19.59.10:432][  0]LogD3D11RHI:       0/0/8113 MB DedicatedVideo/DedicatedSystem/SharedSystem, Outputs:0, VendorId:0x1414
[2021.01.10-19.59.10:432][  0]LogD3D11RHI: Chosen D3D11 Adapter: 0
[2021.01.10-19.59.10:440][  0]LogD3D11RHI: Creating new Direct3DDevice
[2021.01.10-19.59.10:440][  0]LogD3D11RHI:     GPU DeviceId: 0x1f91 (for the marketing name, search the web for "GPU Device Id")
[2021.01.10-19.59.10:441][  0]LogWindows: EnumDisplayDevices:
[2021.01.10-19.59.10:441][  0]LogWindows:    0. 'Intel(R) UHD Graphics 630' (P:0 D:1)
[2021.01.10-19.59.10:441][  0]LogWindows:    1. 'Intel(R) UHD Graphics 630' (P:1 D:1)
[2021.01.10-19.59.10:442][  0]LogWindows:    2. 'Intel(R) UHD Graphics 630' (P:0 D:0)
[2021.01.10-19.59.10:442][  0]LogWindows: DebugString: PrimaryIsNotTheChoosenAdapter PrimaryIsNotTheChoosenAdapter PrimaryIsNotTheChoosenAdapter FoundDriverCount:0 
[2021.01.10-19.59.10:443][  0]LogD3D11RHI:     Adapter Name: NVIDIA GeForce GTX 1650
[2021.01.10-19.59.10:443][  0]LogD3D11RHI:   Driver Version: Unknown (internal:Unknown, unified:Unknown)
[2021.01.10-19.59.10:443][  0]LogD3D11RHI:      Driver Date: Unknown
[2021.01.10-19.59.10:443][  0]LogRHI: Texture pool is 2773 MB (70% of 3962 MB)
[2021.01.10-19.59.10:543][  0]LogD3D11RHI: Async texture creation enabled
[2021.01.10-19.59.10:559][  0]LogD3D11RHI: GPU Timing Frequency: 1000.000000 (Debug: 2 1)
[2021.01.10-19.59.10:562][  0]LogShaderCompilers: Guid format shader working directory is 8 characters bigger than the processId version (D:/programowanie/BallRunner/BallRunner/Intermediate/Shaders/WorkingDirectory/4248/).
[2021.01.10-19.59.10:562][  0]LogShaderCompilers: Cleaned the shader compiler working directory 'C:/Users/torra/AppData/Local/Temp/UnrealShaderWorkingDir/CC503A704C8BA8A702F044BC08662A24/'.
[2021.01.10-19.59.11:396][  0]LogTemp: Display: Loaded TP AllDesktopTargetPlatform
[2021.01.10-19.59.11:429][  0]LogTemp: Display: Loaded TP MacClientTargetPlatform
[2021.01.10-19.59.11:462][  0]LogTemp: Display: Loaded TP MacNoEditorTargetPlatform
[2021.01.10-19.59.11:494][  0]LogTemp: Display: Loaded TP MacServerTargetPlatform
[2021.01.10-19.59.11:530][  0]LogTemp: Display: Loaded TP MacTargetPlatform
[2021.01.10-19.59.11:563][  0]LogTemp: Display: Loaded TP WindowsClientTargetPlatform
[2021.01.10-19.59.11:597][  0]LogTemp: Display: Loaded TP WindowsNoEditorTargetPlatform
[2021.01.10-19.59.11:633][  0]LogTemp: Display: Loaded TP WindowsServerTargetPlatform
[2021.01.10-19.59.11:657][  0]LogTemp: Display: Loaded TP WindowsTargetPlatform
[2021.01.10-19.59.11:806][  0]LogTemp: Display: Loaded TP AndroidTargetPlatform
[2021.01.10-19.59.11:806][  0]LogTemp: Display: Loaded TP AndroidTargetPlatform
[2021.01.10-19.59.11:806][  0]LogTemp: Display: Loaded TP AndroidTargetPlatform
[2021.01.10-19.59.11:806][  0]LogTemp: Display: Loaded TP AndroidTargetPlatform
[2021.01.10-19.59.11:806][  0]LogTemp: Display: Loaded TP AndroidTargetPlatform
[2021.01.10-19.59.11:806][  0]LogTemp: Display: Loaded TP AndroidTargetPlatform
[2021.01.10-19.59.11:806][  0]LogTemp: Display: Loaded TP AndroidTargetPlatform
[2021.01.10-19.59.11:806][  0]LogTemp: Display: Loaded TP AndroidTargetPlatform
[2021.01.10-19.59.11:806][  0]LogTemp: Display: Loaded TP AndroidTargetPlatform
[2021.01.10-19.59.11:806][  0]LogTemp: Display: Loaded TP AndroidTargetPlatform
[2021.01.10-19.59.11:806][  0]LogTemp: Display: Loaded TP AndroidTargetPlatform
[2021.01.10-19.59.11:806][  0]LogTemp: Display: Loaded TP AndroidTargetPlatform
[2021.01.10-19.59.11:806][  0]LogTemp: Display: Loaded TP AndroidTargetPlatform
[2021.01.10-19.59.11:806][  0]LogTemp: Display: Loaded TP AndroidTargetPlatform
[2021.01.10-19.59.11:806][  0]LogTemp: Display: Loaded TP AndroidTargetPlatform
[2021.01.10-19.59.11:806][  0]LogTemp: Display: Loaded TP AndroidTargetPlatform
[2021.01.10-19.59.11:806][  0]LogTemp: Display: Loaded TP AndroidTargetPlatform
[2021.01.10-19.59.11:806][  0]LogTemp: Display: Loaded TP AndroidTargetPlatform
[2021.01.10-19.59.11:822][  0]LogTemp: Display: Loaded TP HTML5TargetPlatform
[2021.01.10-19.59.11:940][  0]LogTemp: Display: Loaded TP IOSTargetPlatform
[2021.01.10-19.59.11:940][  0]LogTemp: Display: Loaded TP IOSTargetPlatform
[2021.01.10-19.59.11:986][  0]LogTemp: Display: Loaded TP TVOSTargetPlatform
[2021.01.10-19.59.11:986][  0]LogTemp: Display: Loaded TP TVOSTargetPlatform
[2021.01.10-19.59.12:018][  0]LogTemp: Display: Loaded TP LinuxClientTargetPlatform
[2021.01.10-19.59.12:051][  0]LogTemp: Display: Loaded TP LinuxNoEditorTargetPlatform
[2021.01.10-19.59.12:083][  0]LogTemp: Display: Loaded TP LinuxServerTargetPlatform
[2021.01.10-19.59.12:119][  0]LogTemp: Display: Loaded TP LinuxTargetPlatform
[2021.01.10-19.59.12:145][  0]LogTemp: Display: Loaded TP LuminTargetPlatform
[2021.01.10-19.59.12:145][  0]LogTargetPlatformManager: Display: Building Assets For Windows
[2021.01.10-19.59.12:636][  0]LogXGEController: Cleaning working directory: C:/Users/torra/AppData/Local/Temp/UnrealXGEWorkingDir/
[2021.01.10-19.59.12:636][  0]LogXGEController: Cannot use XGE Controller as Incredibuild is not installed on this machine.
[2021.01.10-19.59.12:636][  0]LogShaderCompilers: Cannot use XGE Shader Compiler as Incredibuild is not installed on this machine.
[2021.01.10-19.59.12:636][  0]LogShaderCompilers: Display: Using Local Shader Compiler.
[2021.01.10-19.59.14:411][  0]LogDerivedDataCache: Display: Max Cache Size: 512 MB
[2021.01.10-19.59.14:872][  0]LogDerivedDataCache: Loaded boot cache 0.46s 71MB C:/Users/torra/AppData/Local/UnrealEngine/4.20/DerivedDataCache/Boot.ddc.
[2021.01.10-19.59.14:872][  0]LogDerivedDataCache: Display: Loaded Boot cache: C:/Users/torra/AppData/Local/UnrealEngine/4.20/DerivedDataCache/Boot.ddc
[2021.01.10-19.59.14:872][  0]LogDerivedDataCache: FDerivedDataBackendGraph:  Pak pak cache file D:/programowanie/BallRunner/BallRunner/DerivedDataCache/DDC.ddp not found, will not use a pak cache.
[2021.01.10-19.59.14:872][  0]LogDerivedDataCache: Unable to find inner node Pak for hierarchical cache Hierarchy.
[2021.01.10-19.59.14:872][  0]LogDerivedDataCache: FDerivedDataBackendGraph:  CompressedPak pak cache file D:/programowanie/BallRunner/BallRunner/DerivedDataCache/Compressed.ddp not found, will not use a pak cache.
[2021.01.10-19.59.14:872][  0]LogDerivedDataCache: Unable to find inner node CompressedPak for hierarchical cache Hierarchy.
[2021.01.10-19.59.14:904][  0]LogDerivedDataCache: Display: Pak cache opened for reading ../../../Engine/DerivedDataCache/Compressed.ddp.
[2021.01.10-19.59.14:917][  0]LogDerivedDataCache: Using Local data cache path C:/Users/torra/AppData/Local/UnrealEngine/Common/DerivedDataCache: Writable
[2021.01.10-19.59.14:917][  0]LogDerivedDataCache: Shared data cache path not found in *engine.ini, will not use an Shared cache.
[2021.01.10-19.59.14:917][  0]LogDerivedDataCache: Unable to find inner node Shared for hierarchical cache Hierarchy.
[2021.01.10-19.59.14:943][  0]LogMaterial: Verifying Global Shaders for PCD3D_SM5
[2021.01.10-19.59.14:945][  0]LogSlate: Using FreeType 2.6.0
[2021.01.10-19.59.14:949][  0]LogSlate: SlateFontServices - WITH_FREETYPE: 1, WITH_HARFBUZZ: 1
[2021.01.10-19.59.15:217][  0]LogAssetRegistry: FAssetRegistry took 0.0289 seconds to start up
[2021.01.10-19.59.15:702][  0]LogInit: Selected Device Profile: [Windows]
[2021.01.10-19.59.16:168][  0]LogSimplygon: Simplygon DLL not present - disabling.
[2021.01.10-19.59.16:232][  0]LogMeshReduction: Using SimplygonSwarm for distributed automatic mesh merging
[2021.01.10-19.59.16:233][  0]LogMeshReduction: Using ProxyLODMeshReduction for automatic mesh merging
[2021.01.10-19.59.16:233][  0]LogMeshReduction: Using QuadricMeshReduction for automatic static mesh reduction
[2021.01.10-19.59.16:233][  0]LogMeshReduction: No automatic skeletal mesh reduction module available
[2021.01.10-19.59.16:268][  0]LogNetVersion: BallRunner 1.0.0, NetCL: 4212847, EngineNetVer: 5, GameNetVer: 0 (Checksum: 346235534)
[2021.01.10-19.59.17:380][  0]LogPackageLocalizationCache: Processed 11 localized package path(s) for 2 prioritized culture(s) in 0.215771 seconds
[2021.01.10-19.59.17:388][  0]LogUObjectArray: 38425 objects as part of root set at end of initial load.
[2021.01.10-19.59.17:389][  0]LogUObjectAllocator: 6690864 out of 0 bytes used by permanent object pool.
[2021.01.10-19.59.17:389][  0]LogUObjectArray: CloseDisregardForGC: 0/0 objects in disregard for GC pool
[2021.01.10-19.59.21:343][  0]LogTcpMessaging: Initializing TcpMessaging bridge
[2021.01.10-19.59.21:374][  0]LogUdpMessaging: Initializing bridge on interface 0.0.0.0:0 to multicast group 230.0.0.1:6666.
[2021.01.10-19.59.21:931][  0]SourceControl: Source control is disabled
[2021.01.10-19.59.21:932][  0]SourceControl: Source control is disabled
[2021.01.10-19.59.21:991][  0]SourceControl: Source control is disabled
[2021.01.10-19.59.22:021][  0]SourceControl: Source control is disabled
[2021.01.10-19.59.23:109][  0]LogAndroidPermission: UAndroidPermissionCallbackProxy::GetInstance
[2021.01.10-19.59.23:530][  0]LogOcInput: OculusInput pre-init called
[2021.01.10-19.59.23:705][  0]LogEngine: Initializing Engine...
[2021.01.10-19.59.23:707][  0]LogHMD: Failed to initialize OpenVR with code 110
[2021.01.10-19.59.23:709][  0]LogStats: UGameplayTagsManager::ConstructGameplayTagTree: ImportINI prefixes -  0.000 s
[2021.01.10-19.59.23:709][  0]LogStats: UGameplayTagsManager::ConstructGameplayTagTree: Construct from data asset -  0.000 s
[2021.01.10-19.59.23:709][  0]LogStats: UGameplayTagsManager::ConstructGameplayTagTree: ImportINI -  0.000 s
[2021.01.10-19.59.23:709][  0]LogStats: UGameplayTagsManager::ConstructGameplayTagTree: GameplayTagTreeChangedEvent.Broadcast -  0.000 s
[2021.01.10-19.59.24:080][  0]LogInit: Initializing FReadOnlyCVARCache
[2021.01.10-19.59.24:120][  0]LogAIModule: Creating AISystem for world Untitled
[2021.01.10-19.59.24:239][  0]LogInit: XAudio2 using 'Głośniki (Realtek(R) Audio)' : 2 channels at 48 kHz using 32 bits per sample (channel mask 0x3)
[2021.01.10-19.59.24:340][  0]LogInit: FAudioDevice initialized.
[2021.01.10-19.59.24:340][  0]LogNetVersion: Set ProjectVersion to 1.0.0.0. Version Checksum will be recalculated on next use.
[2021.01.10-19.59.24:456][  0]LogDerivedDataCache: Saved boot cache 0.12s 71MB C:/Users/torra/AppData/Local/UnrealEngine/4.20/DerivedDataCache/Boot.ddc.
[2021.01.10-19.59.24:464][  0]LogInit: Texture streaming: Enabled
[2021.01.10-19.59.24:543][  0]LogEngineSessionManager: EngineSessionManager initialized
[2021.01.10-19.59.24:577][  0]LogInit: Transaction tracking system initialized
[2021.01.10-19.59.24:695][  0]BlueprintLog: New page: Editor Load
[2021.01.10-19.59.25:290][  0]LocalizationService: Localization service is disabled
[2021.01.10-19.59.26:311][  0]LogCook: Display: Max memory allowance for cook 16384mb min free memory 0mb
[2021.01.10-19.59.26:311][  0]LogCook: Display: Mobile HDR setting 1
[2021.01.10-19.59.26:311][  0]LogGameplayTags: Display: UGameplayTagsManager::DoneAddingNativeTags. DelegateIsBound: 0
[2021.01.10-19.59.26:311][  0]LogStats: UGameplayTagsManager::ConstructGameplayTagTree: ImportINI prefixes -  0.000 s
[2021.01.10-19.59.26:311][  0]LogStats: UGameplayTagsManager::ConstructGameplayTagTree: Construct from data asset -  0.000 s
[2021.01.10-19.59.26:311][  0]LogStats: UGameplayTagsManager::ConstructGameplayTagTree: ImportINI -  0.000 s
[2021.01.10-19.59.26:312][  0]LogStats: UGameplayTagsManager::ConstructGameplayTagTree: GameplayTagTreeChangedEvent.Broadcast -  0.000 s
[2021.01.10-19.59.26:612][  0]LogFileCache: Scanning file cache for directory 'D:/programowanie/BallRunner/BallRunner/Content/' took 0.01s
[2021.01.10-19.59.27:123][  0]SourceControl: Source control is disabled
[2021.01.10-19.59.27:123][  0]Cmd: MAP LOAD FILE="D:/programowanie/BallRunner/BallRunner/Content/Levels/MainLevel.umap" TEMPLATE=0 SHOWPROGRESS=1 FEATURELEVEL=3
[2021.01.10-19.59.27:123][  0]LightingResults: New page: Lighting Build
[2021.01.10-19.59.27:128][  0]MapCheck: New page: Map Check
[2021.01.10-19.59.27:128][  0]LightingResults: New page: Lighting Build
[2021.01.10-19.59.27:904][  0]LogAIModule: Creating AISystem for world MainLevel
[2021.01.10-19.59.27:914][  0]LogEditorServer: Finished looking for orphan Actors (0.000 secs)
[2021.01.10-19.59.27:955][  0]Cmd: MAP CHECKDEP NOCLEARLOG
[2021.01.10-19.59.28:101][  0]MapCheck: Map check complete: 0 Error(s), 0 Warning(s), took 145,337ms to complete.
[2021.01.10-19.59.28:101][  0]LogFileHelpers: Loading map 'MainLevel' took 0.978
[2021.01.10-19.59.28:271][  0]LogSlate: Updating window title bar state: overlay mode, drag disabled, window buttons hidden, title bar hidden
[2021.01.10-19.59.28:283][  0]LogSlate: Updating window title bar state: overlay mode, drag disabled, window buttons hidden, title bar hidden
[2021.01.10-19.59.28:295][  0]LogSlate: Updating window title bar state: overlay mode, drag disabled, window buttons hidden, title bar hidden
[2021.01.10-19.59.28:306][  0]LogSlate: Updating window title bar state: overlay mode, drag disabled, window buttons hidden, title bar hidden
[2021.01.10-19.59.28:337][  0]LogCollectionManager: Loaded 0 collections in 0.002727 seconds
[2021.01.10-19.59.28:385][  0]LogFileCache: Scanning file cache for directory 'D:/programowanie/BallRunner/BallRunner/Saved/Collections/' took 0.01s
[2021.01.10-19.59.28:385][  0]LogFileCache: Scanning file cache for directory 'D:/programowanie/BallRunner/BallRunner/Content/Developers/torra/Collections/' took 0.01s
[2021.01.10-19.59.28:385][  0]LogFileCache: Scanning file cache for directory 'D:/programowanie/BallRunner/BallRunner/Content/Collections/' took 0.01s
[2021.01.10-19.59.28:386][  0]LogCollectionManager: Rebuilt the GUID cache for 0 collections in 0.000000 seconds
[2021.01.10-19.59.28:403][  0]LogContentBrowser: Native class hierarchy populated in 0.0167 seconds. Added 2572 classes and 603 folders.
[2021.01.10-19.59.28:413][  0]LogContentBrowser: Native class hierarchy updated for 'WidgetCarousel' in 0.0003 seconds. Added 0 classes and 0 folders.
[2021.01.10-19.59.28:647][  0]LogContentBrowser: Native class hierarchy updated for 'AddContentDialog' in 0.0003 seconds. Added 0 classes and 0 folders.
[2021.01.10-19.59.28:682][  0]LogContentBrowser: Native class hierarchy updated for 'SceneOutliner' in 0.0004 seconds. Added 1 classes and 2 folders.
[2021.01.10-19.59.28:851][  0]LogSlate: Took 0.003203 seconds to synchronously load lazily loaded font '../../../Engine/Content/Slate/Fonts/Roboto-Regular.ttf' (155K)
[2021.01.10-19.59.28:857][  0]LogSlate: Took 0.002761 seconds to synchronously load lazily loaded font '../../../Engine/Content/Slate/Fonts/Roboto-Bold.ttf' (160K)
[2021.01.10-19.59.28:872][  0]LogSlate: Took 0.002244 seconds to synchronously load lazily loaded font '../../../Engine/Content/Editor/Slate/Fonts/FontAwesome.ttf' (139K)
[2021.01.10-19.59.29:029][  0]LogRenderer: Reallocating scene render targets to support 1020x548 Format 10 NumSamples 1 (Frame:1).
[2021.01.10-19.59.29:438][  0]LogContentBrowser: Native class hierarchy updated for 'HierarchicalLODOutliner' in 0.0003 seconds. Added 0 classes and 0 folders.
[2021.01.10-19.59.29:438][  0]LogLoad: (Engine Initialization) Total time: 25.66 seconds
[2021.01.10-19.59.29:438][  0]LogLoad: (Engine Initialization) Total Blueprint compile time: 0.00 seconds
[2021.01.10-19.59.29:480][  0]LogContentStreaming: Texture pool size now 1000 MB
[2021.01.10-19.59.29:501][  0]LogSlate: Took 0.002561 seconds to synchronously load lazily loaded font '../../../Engine/Content/Slate/Fonts/Roboto-Light.ttf' (167K)
[2021.01.10-19.59.29:726][  1]LogAssetRegistry: Asset discovery search completed in 14.5315 seconds
[2021.01.10-19.59.29:729][  1]LogCollectionManager: Rebuilt the object cache for 0 collections in 0.000001 seconds (found 0 objects)
[2021.01.10-19.59.29:729][  1]LogCollectionManager: Fixed up redirectors for 0 collections in 0.000180 seconds (updated 0 objects)
[2021.01.10-19.59.38:078][488]LogSlate: FSceneViewport::OnFocusLost() reason 0
[2021.01.10-20.13.52:727][526]LogMaterial: Display: Missing cached shader map for material LayerVisMaterial, compiling. 
[2021.01.10-20.13.52:769][526]LogShaderCompilers: Display: Shaders left to compile 8
[2021.01.10-20.13.52:769][526]LogMaterial: Display: Missing cached shader map for material SelectBrushMaterial, compiling. 
[2021.01.10-20.13.52:806][526]LogMaterial: Display: Missing cached shader map for material SelectBrushMaterial, compiling. 
[2021.01.10-20.13.52:845][526]LogMaterial: Display: Missing cached shader map for material MaskBrushMaterial, compiling. 
[2021.01.10-20.13.52:908][526]LogMaterial: Display: Missing cached shader map for material LandscapeLayerUsageMaterial, compiling. 
[2021.01.10-20.13.52:984][526]LogMaterial: Display: Missing cached shader map for material CircleBrushMaterial, compiling. 
[2021.01.10-20.13.53:004][526]LogMaterial: Display: Missing cached shader map for material CircleBrushMaterial, compiling. 
[2021.01.10-20.13.53:031][526]LogMaterial: Display: Missing cached shader map for material CircleBrushMaterial, compiling. 
[2021.01.10-20.13.53:058][526]LogMaterial: Display: Missing cached shader map for material CircleBrushMaterial, compiling. 
[2021.01.10-20.13.53:093][526]LogShaderCompilers: Display: Shaders left to compile 148
[2021.01.10-20.13.53:093][526]LogShaderCompilers: Display: Shaders left to compile 138
[2021.01.10-20.13.53:094][526]LogShaderCompilers: Display: Shaders left to compile 128
[2021.01.10-20.13.53:094][526]LogShaderCompilers: Display: Shaders left to compile 118
[2021.01.10-20.13.53:094][526]LogShaderCompilers: Display: Shaders left to compile 108
[2021.01.10-20.13.53:094][526]LogShaderCompilers: Display: Shaders left to compile 98
[2021.01.10-20.13.53:094][526]LogShaderCompilers: Display: Shaders left to compile 88
[2021.01.10-20.13.53:094][526]LogMaterial: Display: Missing cached shader map for material AlphaBrushMaterial, compiling. 
[2021.01.10-20.13.53:124][526]LogMaterial: Display: Missing cached shader map for material CircleBrushMaterial, compiling. 
[2021.01.10-20.13.53:156][526]LogMaterial: Display: Missing cached shader map for material MaskBrushMaterial, compiling. 
[2021.01.10-20.13.53:181][526]LogTexture: Display: Building textures: Texture2D_2 (G8, 128X128)
[2021.01.10-20.13.57:631][771]LogShaderCompilers: Display: Shaders left to compile 138
[2021.01.10-20.13.58:584][828]LogShaderCompilers: Display: Shaders left to compile 128
[2021.01.10-20.13.59:280][870]LogShaderCompilers: Display: Shaders left to compile 118
[2021.01.10-20.13.59:379][876]LogShaderCompilers: Display: Shaders left to compile 108
[2021.01.10-20.13.59:498][883]LogShaderCompilers: Display: Shaders left to compile 98
[2021.01.10-20.13.59:565][887]LogShaderCompilers: Display: Shaders left to compile 88
[2021.01.10-20.13.59:651][891]LogShaderCompilers: Display: Shaders left to compile 78
[2021.01.10-20.13.59:651][891]LogShaderCompilers: Display: Shaders left to compile 68
[2021.01.10-20.14.02:892][ 85]LogShaderCompilers: Display: Shaders left to compile 58
[2021.01.10-20.14.03:825][140]LogShaderCompilers: Display: Shaders left to compile 48
[2021.01.10-20.14.04:518][182]LogShaderCompilers: Display: Shaders left to compile 38
[2021.01.10-20.14.04:578][185]LogShaderCompilers: Display: Shaders left to compile 28
[2021.01.10-20.14.04:771][197]LogShaderCompilers: Display: Shaders left to compile 18
[2021.01.10-20.14.04:806][199]LogShaderCompilers: Display: Shaders left to compile 8
[2021.01.10-20.14.22:652][259]LogSlate: FSceneViewport::OnFocusLost() reason 0
[2021.01.10-20.14.33:218][886]LogSlate: FSceneViewport::OnFocusLost() reason 0
[2021.01.10-20.15.04:367][703]Cmd: TRANSACTION UNDO
[2021.01.10-20.15.04:367][703]LogEditorTransaction: Undo Move Actors
[2021.01.10-20.15.04:379][703]LogActorComponent: ~FComponentReregisterContext: (/Game/Levels/MainLevel.MainLevel:PersistentLevel.SkyLight_1.SkyLightComponent0) Component already registered.
[2021.01.10-20.15.04:380][703]LogActorComponent: ~FComponentReregisterContext: (/Game/Levels/MainLevel.MainLevel:PersistentLevel.PointLight2.LightComponent0) Component already registered.
[2021.01.10-20.15.04:410][703]LogSlate: Took 0.000399 seconds to synchronously load lazily loaded font '../../../Engine/Content/Slate/Fonts/Roboto-Light.ttf' (167K)
[2021.01.10-20.15.26:750][ 14]LogEditorViewport: Clicking on Actor (LMB): PlayerStart (PlayerStart)
[2021.01.10-20.15.52:721][564]LogSlate: FSceneViewport::OnFocusLost() reason 2
[2021.01.10-20.15.53:115][564]Cmd: OBJ SAVEPACKAGE PACKAGE="/Game/Levels/MainLevel" FILE="D:/programowanie/BallRunner/BallRunner/Saved/Autosaves/Game/Levels/MainLevel_Auto1.umap" SILENT=true AUTOSAVING=true KEEPDIRTY=false
[2021.01.10-20.15.53:210][564]LogSavePackage: Moving 'D:/programowanie/BallRunner/BallRunner/Saved/MainLevel_Auto1556980044603B5483B7D248C3B816472.tmp' to 'D:/programowanie/BallRunner/BallRunner/Saved/Autosaves/Game/Levels/MainLevel_Auto1.umap'
[2021.01.10-20.15.53:214][564]LogFileHelpers: Editor autosave (incl. sublevels) for '/Game/Levels/MainLevel' took 0.464
[2021.01.10-20.15.53:214][564]LogFileHelpers: Editor autosave (incl. sublevels) for all levels took 0.464
[2021.01.10-20.15.58:529][879]LogSlate: FSceneViewport::OnFocusLost() reason 0
[2021.01.10-20.17.13:549][190]LogSlate: Window 'Pick Parent Class' being destroyed
[2021.01.10-20.17.40:317][788]LogAssetEditorManager: Opening Asset editor for Blueprint /Game/Blueprints/BP_Crystal.BP_Crystal
[2021.01.10-20.17.41:151][788]LogContentBrowser: Native class hierarchy updated for 'BlueprintGraph' in 0.0008 seconds. Added 116 classes and 0 folders.
[2021.01.10-20.17.46:787][980]LogRenderer: Reallocating scene render targets to support 1020x552 Format 10 NumSamples 1 (Frame:212).
[2021.01.10-20.17.46:847][980]LogRenderer: Reallocating scene render targets to support 1020x580 Format 10 NumSamples 1 (Frame:213).
[2021.01.10-20.17.46:911][980]LogRenderer: Reallocating scene render targets to support 1020x604 Format 10 NumSamples 1 (Frame:214).
[2021.01.10-20.17.46:970][980]LogRenderer: Reallocating scene render targets to support 1020x620 Format 10 NumSamples 1 (Frame:215).
[2021.01.10-20.17.47:045][980]LogRenderer: Reallocating scene render targets to support 1020x624 Format 10 NumSamples 1 (Frame:216).
[2021.01.10-20.17.47:101][980]LogRenderer: Reallocating scene render targets to support 1020x636 Format 10 NumSamples 1 (Frame:217).
[2021.01.10-20.17.47:167][980]LogRenderer: Reallocating scene render targets to support 1020x640 Format 10 NumSamples 1 (Frame:218).
[2021.01.10-20.17.47:227][980]LogRenderer: Reallocating scene render targets to support 1020x644 Format 10 NumSamples 1 (Frame:219).
[2021.01.10-20.18.48:432][493]LogSlate: Took 0.003668 seconds to synchronously load lazily loaded font '../../../Engine/Content/Slate/Fonts/Roboto-Italic.ttf' (157K)
[2021.01.10-20.22.04:119][124]LogSlate: FSceneViewport::OnFocusLost() reason 2
[2021.01.10-20.22.17:430][917]LogSlate: FSceneViewport::OnFocusLost() reason 2
[2021.01.10-20.22.58:378][359]LogSlate: FSceneViewport::OnFocusLost() reason 2
[2021.01.10-20.25.53:435][758]LogSlate: FSceneViewport::OnFocusLost() reason 2
[2021.01.10-20.25.53:512][758]LogFileHelpers: Editor autosave (incl. sublevels) for '/Game/Levels/MainLevel' took 0.048
[2021.01.10-20.25.53:514][758]OBJ SavePackage: Generating thumbnails for [1] asset(s) in package [/Game/Blueprints/BP_Crystal] ([1] browsable assets)...
[2021.01.10-20.25.53:531][758]OBJ SavePackage:     Rendered thumbnail for [Blueprint /Game/Blueprints/BP_Crystal.BP_Crystal]
[2021.01.10-20.25.53:531][758]OBJ SavePackage: Finished generating thumbnails for package [/Game/Blueprints/BP_Crystal]
[2021.01.10-20.25.53:531][758]Cmd: OBJ SAVEPACKAGE PACKAGE="/Game/Blueprints/BP_Crystal" FILE="D:/programowanie/BallRunner/BallRunner/Saved/Autosaves/Game/Blueprints/BP_Crystal_Auto2.uasset" SILENT=false AUTOSAVING=true
[2021.01.10-20.25.53:552][758]LogSavePackage: Moving 'D:/programowanie/BallRunner/BallRunner/Saved/BP_Crystal_Auto27B226BAF4C60688FED83A1A3278E6941.tmp' to 'D:/programowanie/BallRunner/BallRunner/Saved/Autosaves/Game/Blueprints/BP_Crystal_Auto2.uasset'
[2021.01.10-20.25.53:553][758]LogFileHelpers: Auto-saving content packages took 0.040
[2021.01.10-20.27.01:159][773]LogSlate: FSceneViewport::OnFocusLost() reason 0
[2021.01.10-20.27.07:418][133]LogEditorTransaction: Undo Modify Component(s)
[2021.01.10-20.28.05:352][575]LogSlate: FSceneViewport::OnFocusLost() reason 0
[2021.01.10-20.28.05:434][580]BlueprintLog: New page: Compile BP_Crystal
[2021.01.10-20.28.07:328][675]LogSlate: Window 'BP_Crystal*' being destroyed
[2021.01.10-20.28.07:337][675]LogSlate: Window 'BP_Crystal*' being destroyed
[2021.01.10-20.28.33:920][214]LogSlate: FSceneViewport::OnFocusLost() reason 0
[2021.01.10-20.28.34:054][220]LogAssetEditorManager: Opening Asset editor for Blueprint /Game/Blueprints/BP_Crystal.BP_Crystal
[2021.01.10-20.28.34:494][220]LogSlate: Took 0.003039 seconds to synchronously load lazily loaded font '../../../Engine/Content/Slate/Fonts/Roboto-BoldCondensed.ttf' (158K)
[2021.01.10-20.29.11:856][405]LogSlate: Window 'Color Picker' being destroyed
[2021.01.10-20.29.13:657][507]BlueprintLog: New page: Compile BP_Crystal
[2021.01.10-20.29.32:317][508]LogSlate: FSceneViewport::OnFocusLost() reason 0
[2021.01.10-20.29.35:227][682]LogEditorTransaction: Undo Edit Intensity
[2021.01.10-20.29.48:096][382]BlueprintLog: New page: Compile BP_Crystal
[2021.01.10-20.30.11:403][618]LogSlate: FSceneViewport::OnFocusLost() reason 0
[2021.01.10-20.30.47:953][668]LogSlate: FSceneViewport::OnFocusLost() reason 2
[2021.01.10-20.30.50:597][789]LogSlate: FSceneViewport::OnFocusLost() reason 2
[2021.01.10-20.31.06:467][703]LogSlate: FSceneViewport::OnFocusLost() reason 0
[2021.01.10-20.31.22:435][623]BlueprintLog: New page: Compile BP_Crystal
[2021.01.10-20.31.36:767][391]LogSlate: FSceneViewport::OnFocusLost() reason 2
[2021.01.10-20.31.37:833][447]LogSlate: FSceneViewport::OnFocusLost() reason 2
[2021.01.10-20.31.42:451][702]LogSlate: FSceneViewport::OnFocusLost() reason 0
[2021.01.10-20.31.49:024][ 75]BlueprintLog: New page: Compile BP_Crystal
[2021.01.10-20.32.08:773][158]LogSlate: FSceneViewport::OnFocusLost() reason 2
[2021.01.10-20.32.21:543][890]LogSlate: Window 'BP_Crystal*' being destroyed
[2021.01.10-20.32.21:551][890]LogSlate: Window 'BP_Crystal*' being destroyed
[2021.01.10-20.33.08:610][222]LogSlate: FSceneViewport::OnFocusLost() reason 0
[2021.01.10-20.33.08:723][227]LogRenderer: Reallocating scene render targets to support 1024x644 Format 10 NumSamples 1 (Frame:60815).
[2021.01.10-20.33.08:791][228]LogRenderer: Reallocating scene render targets to support 1044x644 Format 10 NumSamples 1 (Frame:60817).
[2021.01.10-20.33.08:904][229]LogRenderer: Reallocating scene render targets to support 1084x644 Format 10 NumSamples 1 (Frame:60819).
[2021.01.10-20.33.09:000][230]LogRenderer: Reallocating scene render targets to support 1128x644 Format 10 NumSamples 1 (Frame:60821).
[2021.01.10-20.33.09:081][231]LogRenderer: Reallocating scene render targets to support 1164x644 Format 10 NumSamples 1 (Frame:60823).
[2021.01.10-20.33.09:152][232]LogRenderer: Reallocating scene render targets to support 1176x644 Format 10 NumSamples 1 (Frame:60825).
[2021.01.10-20.33.11:590][373]LogEditorViewport: Clicking on Actor (LMB): BP_Crystal_C (BP_Crystal)
[2021.01.10-20.33.13:065][458]LogSlate: FSceneViewport::OnFocusLost() reason 0
[2021.01.10-20.33.13:329][467]LogRenderer: Reallocating scene render targets to support 1176x652 Format 10 NumSamples 1 (Frame:61063).
[2021.01.10-20.33.13:449][468]LogRenderer: Reallocating scene render targets to support 1176x716 Format 10 NumSamples 1 (Frame:61065).
[2021.01.10-20.33.13:509][469]LogRenderer: Reallocating scene render targets to support 1176x852 Format 10 NumSamples 1 (Frame:61067).
[2021.01.10-20.33.13:572][470]LogRenderer: Reallocating scene render targets to support 1176x864 Format 10 NumSamples 1 (Frame:61069).
[2021.01.10-20.33.17:885][695]LogRenderer: Reallocating scene render targets to support 1180x864 Format 10 NumSamples 1 (Frame:61242).
[2021.01.10-20.33.17:942][696]LogRenderer: Reallocating scene render targets to support 1196x864 Format 10 NumSamples 1 (Frame:61244).
[2021.01.10-20.33.17:999][697]LogRenderer: Reallocating scene render targets to support 1240x864 Format 10 NumSamples 1 (Frame:61246).
[2021.01.10-20.33.18:095][698]LogRenderer: Reallocating scene render targets to support 1292x864 Format 10 NumSamples 1 (Frame:61248).
[2021.01.10-20.33.18:183][699]LogRenderer: Reallocating scene render targets to support 1336x864 Format 10 NumSamples 1 (Frame:61250).
[2021.01.10-20.33.18:265][700]LogRenderer: Reallocating scene render targets to support 1352x864 Format 10 NumSamples 1 (Frame:61252).
[2021.01.10-20.33.18:347][701]LogRenderer: Reallocating scene render targets to support 1380x864 Format 10 NumSamples 1 (Frame:61254).
[2021.01.10-20.33.18:405][702]LogRenderer: Reallocating scene render targets to support 1392x864 Format 10 NumSamples 1 (Frame:61256).
[2021.01.10-20.33.27:321][220]LogEditorViewport: Clicking Background
[2021.01.10-20.35.53:879][835]Cmd: OBJ SAVEPACKAGE PACKAGE="/Game/Levels/MainLevel" FILE="D:/programowanie/BallRunner/BallRunner/Saved/Autosaves/Game/Levels/MainLevel_Auto3.umap" SILENT=true AUTOSAVING=true KEEPDIRTY=false
[2021.01.10-20.35.54:253][835]LogSavePackage: Moving 'D:/programowanie/BallRunner/BallRunner/Saved/MainLevel_Auto360A940DC4852F5F0828CF8B625C70154.tmp' to 'D:/programowanie/BallRunner/BallRunner/Saved/Autosaves/Game/Levels/MainLevel_Auto3.umap'
[2021.01.10-20.35.54:256][835]LogFileHelpers: Editor autosave (incl. sublevels) for '/Game/Levels/MainLevel' took 0.416
[2021.01.10-20.35.54:256][835]LogFileHelpers: Editor autosave (incl. sublevels) for all levels took 0.416
[2021.01.10-20.35.54:260][835]OBJ SavePackage: Generating thumbnails for [1] asset(s) in package [/Game/Blueprints/BP_Crystal] ([1] browsable assets)...
[2021.01.10-20.35.54:297][835]OBJ SavePackage:     Rendered thumbnail for [Blueprint /Game/Blueprints/BP_Crystal.BP_Crystal]
[2021.01.10-20.35.54:297][835]OBJ SavePackage: Finished generating thumbnails for package [/Game/Blueprints/BP_Crystal]
[2021.01.10-20.35.54:297][835]Cmd: OBJ SAVEPACKAGE PACKAGE="/Game/Blueprints/BP_Crystal" FILE="D:/programowanie/BallRunner/BallRunner/Saved/Autosaves/Game/Blueprints/BP_Crystal_Auto3.uasset" SILENT=false AUTOSAVING=true
[2021.01.10-20.35.54:322][835]LogSavePackage: Moving 'D:/programowanie/BallRunner/BallRunner/Saved/BP_Crystal_Auto31BA7B2DF473E7932AF66E19E7A113421.tmp' to 'D:/programowanie/BallRunner/BallRunner/Saved/Autosaves/Game/Blueprints/BP_Crystal_Auto3.uasset'
[2021.01.10-20.35.54:323][835]LogFileHelpers: Auto-saving content packages took 0.064
[2021.01.10-20.39.32:777][488]LogSlate: FSceneViewport::OnFocusLost() reason 0
[2021.01.10-20.41.09:333][863]Cmd: OBJ SAVEPACKAGE PACKAGE="/Game/Blueprints/BP_Crystal" FILE="D:/programowanie/BallRunner/BallRunner/Content/Blueprints/BP_Crystal.uasset" SILENT=true
[2021.01.10-20.41.09:672][863]LogSavePackage: Moving 'D:/programowanie/BallRunner/BallRunner/Saved/BP_Crystal726E86FF41631690253F46854569EC16.tmp' to 'D:/programowanie/BallRunner/BallRunner/Content/Blueprints/BP_Crystal.uasset'
[2021.01.10-20.41.12:911][926]LogSlate: Window 'Save Content' being destroyed
[2021.01.10-20.41.13:143][926]Cmd: OBJ SAVEPACKAGE PACKAGE="/Game/Levels/MainLevel" FILE="D:/programowanie/BallRunner/BallRunner/Content/Levels/MainLevel.umap" SILENT=true AUTOSAVING=false KEEPDIRTY=false
[2021.01.10-20.41.13:341][926]LogSavePackage: Moving 'D:/programowanie/BallRunner/BallRunner/Saved/MainLevelF44EEF78400DE260F7FB879150DD85E2.tmp' to 'D:/programowanie/BallRunner/BallRunner/Content/Levels/MainLevel.umap'
[2021.01.10-20.41.13:362][926]LogFileHelpers: Saving map 'MainLevel' took 0.398
[2021.01.10-20.41.13:433][926]LogSlate: Window 'BallRunner - Unreal Editor' being destroyed
[2021.01.10-20.41.13:657][927]Cmd: QUIT_EDITOR
[2021.01.10-20.41.13:688][927]LogWindowsTextInputMethodSystem: Display: IME system now deactivated.
[2021.01.10-20.41.13:704][927]LogExit: Preparing to exit.
[2021.01.10-20.41.14:726][927]LogExit: Editor shut down
[2021.01.10-20.41.14:727][927]LogExit: Transaction tracking system shut down
[2021.01.10-20.41.15:005][927]LogExit: Object subsystem successfully closed.
[2021.01.10-20.41.15:032][927]LogShaderCompilers: Display: Shaders left to compile 0
[2021.01.10-20.41.15:039][927]LogD3D11RHI: Shutdown
[2021.01.10-20.41.15:039][927]LogD3D11RHI: CleanupD3DDevice
[2021.01.10-20.41.15:042][927]LogD3D11RHI: ~FD3D11DynamicRHI
[2021.01.10-20.41.15:086][927]LogModuleManager: Shutting down and abandoning module HierarchicalLODUtilities (614)
[2021.01.10-20.41.15:086][927]LogModuleManager: Shutting down and abandoning module BlueprintGraph (612)
[2021.01.10-20.41.15:086][927]LogModuleManager: Shutting down and abandoning module HierarchicalLODOutliner (610)
[2021.01.10-20.41.15:086][927]LogModuleManager: Shutting down and abandoning module SceneOutliner (608)
[2021.01.10-20.41.15:086][927]LogModuleManager: Shutting down and abandoning module AddContentDialog (606)
[2021.01.10-20.41.15:088][927]LogModuleManager: Shutting down and abandoning module WidgetCarousel (605)
[2021.01.10-20.41.15:088][927]LogModuleManager: Shutting down and abandoning module EditorWidgets (602)
[2021.01.10-20.41.15:088][927]LogModuleManager: Shutting down and abandoning module CollectionManager (600)
[2021.01.10-20.41.15:089][927]LogModuleManager: Shutting down and abandoning module StatsViewer (598)
[2021.01.10-20.41.15:089][927]LogModuleManager: Shutting down and abandoning module FoliageEdit (596)
[2021.01.10-20.41.15:089][927]LogModuleManager: Shutting down and abandoning module LandscapeEditor (594)
[2021.01.10-20.41.15:089][927]LogModuleManager: Shutting down and abandoning module MeshPaintMode (592)
[2021.01.10-20.41.15:089][927]LogModuleManager: Shutting down and abandoning module SceneDepthPickerMode (590)
[2021.01.10-20.41.15:089][927]LogModuleManager: Shutting down and abandoning module ActorPickerMode (588)
[2021.01.10-20.41.15:090][927]LogModuleManager: Shutting down and abandoning module GeometryMode (586)
[2021.01.10-20.41.15:090][927]LogModuleManager: Shutting down and abandoning module TextureAlignMode (584)
[2021.01.10-20.41.15:090][927]LogModuleManager: Shutting down and abandoning module BspMode (582)
[2021.01.10-20.41.15:090][927]LogModuleManager: Shutting down and abandoning module PIEPreviewDeviceProfileSelector (580)
[2021.01.10-20.41.15:090][927]LogModuleManager: Shutting down and abandoning module SequenceRecorderSections (578)
[2021.01.10-20.41.15:090][927]LogModuleManager: Shutting down and abandoning module AutomationWorker (576)
[2021.01.10-20.41.15:090][927]LogModuleManager: Shutting down and abandoning module AudioCaptureEditor (574)
[2021.01.10-20.41.15:090][927]LogModuleManager: Shutting down and abandoning module SequenceRecorder (573)
[2021.01.10-20.41.15:090][927]LogModuleManager: Shutting down and abandoning module MatineeToLevelSequence (570)
[2021.01.10-20.41.15:091][927]LogModuleManager: Shutting down and abandoning module LevelSequenceEditor (568)
[2021.01.10-20.41.15:091][927]LogModuleManager: Shutting down and abandoning module PlacementMode (567)
[2021.01.10-20.41.15:091][927]LogModuleManager: Shutting down and abandoning module MaterialEditor (566)
[2021.01.10-20.41.15:091][927]LogModuleManager: Shutting down and abandoning module WmfMediaFactory (562)
[2021.01.10-20.41.15:091][927]LogModuleManager: Shutting down and abandoning module WmfMediaEditor (560)
[2021.01.10-20.41.15:091][927]LogModuleManager: Shutting down and abandoning module MediaPlayerEditor (558)
[2021.01.10-20.41.15:091][927]LogModuleManager: Shutting down and abandoning module OpenExrWrapper (556)
[2021.01.10-20.41.15:091][927]LogModuleManager: Shutting down and abandoning module ImgMediaFactory (554)
[2021.01.10-20.41.15:091][927]LogModuleManager: Shutting down and abandoning module ImgMediaEditor (552)
[2021.01.10-20.41.15:091][927]LogModuleManager: Shutting down and abandoning module AvfMediaFactory (550)
[2021.01.10-20.41.15:091][927]LogModuleManager: Shutting down and abandoning module AvfMediaEditor (548)
[2021.01.10-20.41.15:091][927]LogModuleManager: Shutting down and abandoning module AndroidMediaFactory (546)
[2021.01.10-20.41.15:091][927]LogModuleManager: Shutting down and abandoning module AndroidMediaEditor (544)
[2021.01.10-20.41.15:091][927]LogModuleManager: Shutting down and abandoning module MagicLeapCameraPreviewFactory (542)
[2021.01.10-20.41.15:091][927]LogModuleManager: Shutting down and abandoning module MagicLeapMediaFactory (540)
[2021.01.10-20.41.15:092][927]LogModuleManager: Shutting down and abandoning module MagicLeapMediaEditor (538)
[2021.01.10-20.41.15:092][927]LogModuleManager: Shutting down and abandoning module CharacterAI (536)
[2021.01.10-20.41.15:092][927]LogModuleManager: Shutting down and abandoning module SmartSnapping (534)
[2021.01.10-20.41.15:092][927]LogModuleManager: Shutting down and abandoning module SessionServices (532)
[2021.01.10-20.41.15:092][927]LogModuleManager: Shutting down and abandoning module ViewportSnapping (530)
[2021.01.10-20.41.15:092][927]LogModuleManager: Shutting down and abandoning module ViewportInteraction (528)
[2021.01.10-20.41.15:092][927]LogModuleManager: Shutting down and abandoning module ClothPainter (526)
[2021.01.10-20.41.15:092][927]LogModuleManager: Shutting down and abandoning module SkeletalMeshEditor (525)
[2021.01.10-20.41.15:092][927]LogModuleManager: Shutting down and abandoning module LogVisualizer (522)
[2021.01.10-20.41.15:092][927]LogModuleManager: Shutting down and abandoning module IntroTutorials (520)
[2021.01.10-20.41.15:092][927]LogModuleManager: Shutting down and abandoning module GameProjectGeneration (519)
[2021.01.10-20.41.15:092][927]LogModuleManager: Shutting down and abandoning module LuminPlatformEditor (516)
[2021.01.10-20.41.15:092][927]LogModuleManager: Shutting down and abandoning module IOSPlatformEditor (514)
[2021.01.10-20.41.15:092][927]LogModuleManager: Shutting down and abandoning module HTML5PlatformEditor (512)
[2021.01.10-20.41.15:092][927]LogModuleManager: Shutting down and abandoning module AndroidPlatformEditor (510)
[2021.01.10-20.41.15:093][927]LogModuleManager: Shutting down and abandoning module AndroidDeviceDetection (509)
[2021.01.10-20.41.15:961][927]LogModuleManager: Shutting down and abandoning module WindowsPlatformEditor (506)
[2021.01.10-20.41.15:961][927]LogModuleManager: Shutting down and abandoning module LuminRuntimeSettings (504)
[2021.01.10-20.41.15:961][927]LogModuleManager: Shutting down and abandoning module IOSRuntimeSettings (502)
[2021.01.10-20.41.15:961][927]LogModuleManager: Shutting down and abandoning module AndroidRuntimeSettings (500)
[2021.01.10-20.41.15:961][927]LogModuleManager: Shutting down and abandoning module InputBindingEditor (498)
[2021.01.10-20.41.15:961][927]LogModuleManager: Shutting down and abandoning module MergeActors (496)
[2021.01.10-20.41.15:961][927]LogModuleManager: Shutting down and abandoning module LocalizationDashboard (494)
[2021.01.10-20.41.15:961][927]LogModuleManager: Shutting down and abandoning module LocalizationService (493)
[2021.01.10-20.41.15:961][927]LogModuleManager: Shutting down and abandoning module HardwareTargeting (490)
[2021.01.10-20.41.15:961][927]LogModuleManager: Shutting down and abandoning module DeviceProfileEditor (488)
[2021.01.10-20.41.15:961][927]LogModuleManager: Shutting down and abandoning module UndoHistory (486)
[2021.01.10-20.41.15:961][927]LogModuleManager: Shutting down and abandoning module XmlParser (484)
[2021.01.10-20.41.15:961][927]LogModuleManager: Shutting down and abandoning module Blutility (482)
[2021.01.10-20.41.15:961][927]LogModuleManager: Shutting down and abandoning module ProjectSettingsViewer (480)
[2021.01.10-20.41.15:961][927]LogModuleManager: Shutting down and abandoning module ProjectTargetPlatformEditor (479)
[2021.01.10-20.41.15:962][927]LogModuleManager: Shutting down and abandoning module EditorSettingsViewer (476)
[2021.01.10-20.41.15:962][927]LogModuleManager: Shutting down and abandoning module SettingsEditor (474)
[2021.01.10-20.41.15:962][927]LogModuleManager: Shutting down and abandoning module ProjectLauncher (472)
[2021.01.10-20.41.15:962][927]LogModuleManager: Shutting down and abandoning module SessionFrontend (470)
[2021.01.10-20.41.15:962][927]LogModuleManager: Shutting down and abandoning module ProfilerClient (468)
[2021.01.10-20.41.15:962][927]LogModuleManager: Shutting down and abandoning module DeviceManager (466)
[2021.01.10-20.41.15:962][927]LogModuleManager: Shutting down and abandoning module TargetDeviceServices (465)
[2021.01.10-20.41.16:026][927]LogModuleManager: Shutting down and abandoning module AutomationController (462)
[2021.01.10-20.41.16:026][927]LogModuleManager: Shutting down and abandoning module AutomationWindow (460)
[2021.01.10-20.41.16:026][927]LogModuleManager: Shutting down and abandoning module Layers (458)
[2021.01.10-20.41.16:026][927]LogModuleManager: Shutting down and abandoning module ComponentVisualizers (456)
[2021.01.10-20.41.16:026][927]LogModuleManager: Shutting down and abandoning module DetailCustomizations (454)
[2021.01.10-20.41.16:026][927]LogModuleManager: Shutting down and abandoning module PackagesDialog (452)
[2021.01.10-20.41.16:027][927]LogModuleManager: Shutting down and abandoning module Persona (450)
[2021.01.10-20.41.16:027][927]LogModuleManager: Shutting down and abandoning module AdvancedPreviewScene (449)
[2021.01.10-20.41.16:027][927]LogModuleManager: Shutting down and abandoning module AnimGraph (447)
[2021.01.10-20.41.16:027][927]LogModuleManager: Shutting down and abandoning module Kismet (444)
[2021.01.10-20.41.16:032][927]LogModuleManager: Shutting down and abandoning module GraphEditor (442)
[2021.01.10-20.41.16:032][927]LogModuleManager: Shutting down and abandoning module ClassViewer (440)
[2021.01.10-20.41.16:034][927]LogModuleManager: Shutting down and abandoning module Toolbox (438)
[2021.01.10-20.41.16:034][927]LogModuleManager: Shutting down and abandoning module ModuleUI (436)
[2021.01.10-20.41.16:034][927]LogModuleManager: Shutting down and abandoning module MovieSceneTools (434)
[2021.01.10-20.41.16:034][927]LogModuleManager: Shutting down and abandoning module OutputLog (432)
[2021.01.10-20.41.16:034][927]LogModuleManager: Shutting down and abandoning module GammaUI (430)
[2021.01.10-20.41.16:035][927]LogModuleManager: Shutting down and abandoning module Documentation (428)
[2021.01.10-20.41.16:035][927]LogModuleManager: Shutting down and abandoning module MovieSceneTracks (426)
[2021.01.10-20.41.16:035][927]LogModuleManager: Shutting down and abandoning module MovieScene (424)
[2021.01.10-20.41.16:035][927]LogModuleManager: Shutting down and abandoning module StreamingPauseRendering (422)
[2021.01.10-20.41.16:035][927]LogModuleManager: Shutting down and abandoning module LauncherPlatform (420)
[2021.01.10-20.41.16:035][927]LogModuleManager: Shutting down and abandoning module AnalyticsET (418)
[2021.01.10-20.41.16:035][927]LogModuleManager: Shutting down and abandoning module PortalServices (416)
[2021.01.10-20.41.16:035][927]LogModuleManager: Shutting down and abandoning module PortalRpc (414)
[2021.01.10-20.41.16:035][927]LogModuleManager: Shutting down and abandoning module MessagingRpc (412)
[2021.01.10-20.41.16:035][927]LogModuleManager: Shutting down and abandoning module AIModule (410)
[2021.01.10-20.41.16:035][927]LogModuleManager: Shutting down and abandoning module GameplayDebugger (409)
[2021.01.10-20.41.16:035][927]LogModuleManager: Shutting down and abandoning module AITestSuite (407)
[2021.01.10-20.41.16:035][927]LogModuleManager: Shutting down and abandoning module NavigationSystem (405)
[2021.01.10-20.41.16:035][927]LogModuleManager: Shutting down and abandoning module DesktopPlatform (402)
[2021.01.10-20.41.16:035][927]LogModuleManager: Shutting down and abandoning module ProfilerService (400)
[2021.01.10-20.41.16:265][927]LogModuleManager: Shutting down and abandoning module TaskGraph (398)
[2021.01.10-20.41.16:265][927]LogModuleManager: Shutting down and abandoning module SteamVRController (396)
[2021.01.10-20.41.16:265][927]LogModuleManager: Shutting down and abandoning module ProceduralMeshComponentEditor (394)
[2021.01.10-20.41.16:265][927]LogModuleManager: Shutting down and abandoning module ProceduralMeshComponent (392)
[2021.01.10-20.41.16:265][927]LogModuleManager: Shutting down and abandoning module OculusInput (390)
[2021.01.10-20.41.16:265][927]LogModuleManager: Shutting down and abandoning module MobilePatchingUtils (388)
[2021.01.10-20.41.16:265][927]LogModuleManager: Shutting down and abandoning module EditableMesh (386)
[2021.01.10-20.41.16:265][927]LogModuleManager: Shutting down and abandoning module CustomMeshComponent (384)
[2021.01.10-20.41.16:265][927]LogModuleManager: Shutting down and abandoning module CableComponent (382)
[2021.01.10-20.41.16:265][927]LogModuleManager: Shutting down and abandoning module AudioCapture (380)
[2021.01.10-20.41.16:265][927]LogModuleManager: Shutting down and abandoning module ArchVisCharacter (378)
[2021.01.10-20.41.16:265][927]LogModuleManager: Shutting down and abandoning module AndroidPermission (376)
[2021.01.10-20.41.16:265][927]LogModuleManager: Shutting down and abandoning module NUTUnrealEngine4 (374)
[2021.01.10-20.41.16:265][927]LogModuleManager: Shutting down and abandoning module NetcodeUnitTest (372)
[2021.01.10-20.41.16:265][927]LogModuleManager: Shutting down and abandoning module MediaCompositingEditor (370)
[2021.01.10-20.41.16:265][927]LogModuleManager: Shutting down and abandoning module MediaCompositing (368)
[2021.01.10-20.41.16:265][927]LogModuleManager: Shutting down and abandoning module LinearTimecode (366)
[2021.01.10-20.41.16:265][927]LogModuleManager: Shutting down and abandoning module ImgMedia (364)
[2021.01.10-20.41.16:270][927]LogModuleManager: Shutting down and abandoning module HTML5Networking (362)
[2021.01.10-20.41.16:270][927]LogModuleManager: Shutting down and abandoning module GeometryCacheTracks (360)
[2021.01.10-20.41.16:270][927]LogModuleManager: Shutting down and abandoning module GeometryCacheSequencer (358)
[2021.01.10-20.41.16:270][927]LogModuleManager: Shutting down and abandoning module BackChannel (356)
[2021.01.10-20.41.16:271][927]LogModuleManager: Shutting down and abandoning module AppleVision (354)
[2021.01.10-20.41.16:271][927]LogModuleManager: Shutting down and abandoning module AppleImageUtils (352)
[2021.01.10-20.41.16:271][927]LogModuleManager: Shutting down and abandoning module AlembicImporter (350)
[2021.01.10-20.41.16:271][927]LogModuleManager: Shutting down and abandoning module AlembicLibrary (349)
[2021.01.10-20.41.16:271][927]LogModuleManager: Shutting down and abandoning module GeometryCache (348)
[2021.01.10-20.41.16:271][927]LogModuleManager: Shutting down and abandoning module GeometryCacheEd (347)
[2021.01.10-20.41.16:271][927]LogModuleManager: Shutting down and abandoning module DatasmithContentEditor (342)
[2021.01.10-20.41.16:271][927]LogModuleManager: Shutting down and abandoning module DatasmithContent (340)
[2021.01.10-20.41.16:271][927]LogModuleManager: Shutting down and abandoning module SpeedTreeImporter (338)
[2021.01.10-20.41.16:271][927]LogModuleManager: Shutting down and abandoning module PluginBrowser (336)
[2021.01.10-20.41.16:271][927]LogModuleManager: Shutting down and abandoning module MobileLauncherProfileWizard (334)
[2021.01.10-20.41.16:271][927]LogModuleManager: Shutting down and abandoning module PolygonModeling (332)
[2021.01.10-20.41.16:272][927]LogModuleManager: Shutting down and abandoning module MeshEditor (330)
[2021.01.10-20.41.16:272][927]LogModuleManager: Shutting down and abandoning module CryptoKeysOpenSSL (328)
[2021.01.10-20.41.16:272][927]LogModuleManager: Shutting down and abandoning module CryptoKeys (326)
[2021.01.10-20.41.16:272][927]LogModuleManager: Shutting down and abandoning module VisualStudioSourceCodeAccess (324)
[2021.01.10-20.41.16:272][927]LogModuleManager: Shutting down and abandoning module VisualStudioCodeSourceCodeAccess (322)
[2021.01.10-20.41.16:272][927]LogModuleManager: Shutting down and abandoning module UObjectPlugin (320)
[2021.01.10-20.41.16:272][927]LogModuleManager: Shutting down and abandoning module SubversionSourceControl (318)
[2021.01.10-20.41.16:272][927]LogModuleManager: Shutting down and abandoning module PerforceSourceControl (316)
[2021.01.10-20.41.16:272][927]LogModuleManager: Shutting down and abandoning module GitSourceControl (314)
[2021.01.10-20.41.16:272][927]LogModuleManager: Shutting down and abandoning module SourceControl (313)
[2021.01.10-20.41.16:272][927]LogModuleManager: Shutting down and abandoning module CLionSourceCodeAccess (310)
[2021.01.10-20.41.16:272][927]LogModuleManager: Shutting down and abandoning module LightPropagationVolumeEditor (308)
[2021.01.10-20.41.16:272][927]LogModuleManager: Shutting down and abandoning module PaperTiledImporter (306)
[2021.01.10-20.41.16:272][927]LogModuleManager: Shutting down and abandoning module PaperSpriteSheetImporter (304)
[2021.01.10-20.41.16:272][927]LogModuleManager: Shutting down and abandoning module Paper2DEditor (302)
[2021.01.10-20.41.16:273][927]LogModuleManager: Shutting down and abandoning module MeshPaint (301)
[2021.01.10-20.41.16:273][927]LogModuleManager: Shutting down and abandoning module RuntimePhysXCooking (298)
[2021.01.10-20.41.16:273][927]LogModuleManager: Shutting down and abandoning module PhysXVehiclesEditor (296)
[2021.01.10-20.41.16:273][927]LogModuleManager: Shutting down and abandoning module PhysXVehicles (294)
[2021.01.10-20.41.16:273][927]LogModuleManager: Shutting down and abandoning module OculusEditor (292)
[2021.01.10-20.41.16:273][927]LogModuleManager: Shutting down and abandoning module LocationServicesBPLibrary (290)
[2021.01.10-20.41.16:273][927]LogModuleManager: Shutting down and abandoning module ImmediatePhysicsEditor (288)
[2021.01.10-20.41.16:273][927]LogModuleManager: Shutting down and abandoning module ImmediatePhysics (286)
[2021.01.10-20.41.16:273][927]LogModuleManager: Shutting down and abandoning module ActorSequence (284)
[2021.01.10-20.41.16:273][927]LogModuleManager: Shutting down and abandoning module UdpMessaging (282)
[2021.01.10-20.41.16:375][927]LogModuleManager: Shutting down and abandoning module TcpMessaging (280)
[2021.01.10-20.41.16:475][927]LogModuleManager: Shutting down and abandoning module MagicLeapAudio (278)
[2021.01.10-20.41.16:475][927]LogModuleManager: Shutting down and abandoning module GameplayTagsEditor (276)
[2021.01.10-20.41.16:475][927]LogModuleManager: Shutting down and abandoning module FacialAnimationEditor (274)
[2021.01.10-20.41.16:475][927]LogModuleManager: Shutting down and abandoning module FacialAnimation (272)
[2021.01.10-20.41.16:475][927]LogModuleManager: Shutting down and abandoning module DataValidation (270)
[2021.01.10-20.41.16:475][927]LogModuleManager: Shutting down and abandoning module AssetManagerEditor (268)
[2021.01.10-20.41.16:475][927]LogModuleManager: Shutting down and abandoning module LevelEditor (267)
[2021.01.10-20.41.16:477][927]LogModuleManager: Shutting down and abandoning module PixelInspectorModule (266)
[2021.01.10-20.41.16:477][927]LogModuleManager: Shutting down and abandoning module CommonMenuExtensions (264)
[2021.01.10-20.41.16:477][927]LogModuleManager: Shutting down and abandoning module MainFrame (262)
[2021.01.10-20.41.16:477][927]LogModuleManager: Shutting down and abandoning module HotReload (261)
[2021.01.10-20.41.16:478][927]LogModuleManager: Shutting down and abandoning module ContentBrowser (257)
[2021.01.10-20.41.16:480][927]LogModuleManager: Shutting down and abandoning module TreeMap (255)
[2021.01.10-20.41.16:480][927]LogModuleManager: Shutting down and abandoning module LightPropagationVolumeRuntime (252)
[2021.01.10-20.41.16:480][927]LogModuleManager: Shutting down and abandoning module AISupportModule (250)
[2021.01.10-20.41.16:480][927]LogModuleManager: Shutting down and abandoning module Paper2D (248)
[2021.01.10-20.41.16:480][927]LogModuleManager: Shutting down and abandoning module WindowsMoviePlayer (246)
[2021.01.10-20.41.16:480][927]LogModuleManager: Shutting down and abandoning module WmfMedia (244)
[2021.01.10-20.41.16:482][927]LogModuleManager: Shutting down and abandoning module Media (243)
[2021.01.10-20.41.16:489][927]LogModuleManager: Shutting down and abandoning module PacketHandler (240)
[2021.01.10-20.41.16:489][927]LogModuleManager: Shutting down and abandoning module ClothingSystemEditor (238)
[2021.01.10-20.41.16:489][927]LogModuleManager: Shutting down and abandoning module ClothingSystemRuntime (236)
[2021.01.10-20.41.16:489][927]LogModuleManager: Shutting down and abandoning module MediaAssets (234)
[2021.01.10-20.41.16:489][927]LogModuleManager: Shutting down and abandoning module Overlay (232)
[2021.01.10-20.41.16:489][927]LogModuleManager: Shutting down and abandoning module OverlayEditor (231)
[2021.01.10-20.41.16:489][927]LogModuleManager: Shutting down and abandoning module VREditor (228)
[2021.01.10-20.41.16:489][927]LogModuleManager: Shutting down and abandoning module StringTableEditor (226)
[2021.01.10-20.41.16:489][927]LogModuleManager: Shutting down and abandoning module GameplayTasksEditor (224)
[2021.01.10-20.41.16:489][927]LogModuleManager: Shutting down and abandoning module BehaviorTreeEditor (222)
[2021.01.10-20.41.16:489][927]LogModuleManager: Shutting down and abandoning module FunctionalTesting (220)
[2021.01.10-20.41.16:489][927]LogModuleManager: Shutting down and abandoning module CollisionAnalyzer (218)
[2021.01.10-20.41.16:489][927]LogModuleManager: Shutting down and abandoning module WorkspaceMenuStructure (217)
[2021.01.10-20.41.16:489][927]LogModuleManager: Shutting down and abandoning module UMG (214)
[2021.01.10-20.41.16:489][927]LogModuleManager: Shutting down and abandoning module UMGEditor (213)
[2021.01.10-20.41.16:490][927]LogModuleManager: Shutting down and abandoning module Sequencer (212)
[2021.01.10-20.41.16:490][927]LogModuleManager: Shutting down and abandoning module MessageLog (209)
[2021.01.10-20.41.16:490][927]LogModuleManager: Shutting down and abandoning module SlateReflector (204)
[2021.01.10-20.41.16:490][927]LogModuleManager: Shutting down and abandoning module Slate (202)
[2021.01.10-20.41.16:490][927]LogModuleManager: Shutting down and abandoning module EditorStyle (200)
[2021.01.10-20.41.16:493][927]LogModuleManager: Shutting down and abandoning module MRMesh (198)
[2021.01.10-20.41.16:493][927]LogModuleManager: Shutting down and abandoning module SourceCodeAccess (196)
[2021.01.10-20.41.16:493][927]LogModuleManager: Shutting down and abandoning module HeadMountedDisplay (194)
[2021.01.10-20.41.16:493][927]LogModuleManager: Shutting down and abandoning module XAudio2 (192)
[2021.01.10-20.41.16:493][927]LogModuleManager: Shutting down and abandoning module Networking (190)
[2021.01.10-20.41.16:493][927]LogModuleManager: Shutting down and abandoning module Core (188)
[2021.01.10-20.41.16:493][927]LogModuleManager: Shutting down and abandoning module LevelSequence (186)
[2021.01.10-20.41.16:493][927]LogModuleManager: Shutting down and abandoning module KismetCompiler (184)
[2021.01.10-20.41.16:493][927]LogModuleManager: Shutting down and abandoning module MeshUtilities (182)
[2021.01.10-20.41.16:493][927]LogModuleManager: Shutting down and abandoning module MeshMergeUtilities (181)
[2021.01.10-20.41.16:493][927]LogModuleManager: Shutting down and abandoning module MeshReductionInterface (180)
[2021.01.10-20.41.16:493][927]LogModuleManager: Shutting down and abandoning module SimplygonSwarm (179)
[2021.01.10-20.41.16:493][927]LogModuleManager: Shutting down and abandoning module ProxyLODMeshReduction (177)
[2021.01.10-20.41.16:493][927]LogModuleManager: Shutting down and abandoning module SimplygonMeshReduction (175)
[2021.01.10-20.41.16:493][927]LogModuleManager: Shutting down and abandoning module QuadricMeshReduction (173)
[2021.01.10-20.41.16:493][927]LogModuleManager: Shutting down and abandoning module MaterialBaking (169)
[2021.01.10-20.41.16:493][927]LogModuleManager: Shutting down and abandoning module DirectoryWatcher (165)
[2021.01.10-20.41.16:494][927]LogModuleManager: Shutting down and abandoning module DerivedDataCache (162)
[2021.01.10-20.41.16:586][927]LogDerivedDataCache: Shutdown
[2021.01.10-20.41.16:586][927]LogModuleManager: Shutting down and abandoning module XGEController (160)
[2021.01.10-20.41.16:586][927]LogXGEController: Cleaning working directory: C:/Users/torra/AppData/Local/Temp/UnrealXGEWorkingDir/
[2021.01.10-20.41.16:586][927]LogModuleManager: Shutting down and abandoning module TargetPlatform (158)
[2021.01.10-20.41.16:586][927]LogModuleManager: Shutting down and abandoning module VulkanShaderFormat (157)
[2021.01.10-20.41.16:586][927]LogModuleManager: Shutting down and abandoning module ShaderFormatVectorVM (155)
[2021.01.10-20.41.16:586][927]LogModuleManager: Shutting down and abandoning module ShaderFormatOpenGL (153)
[2021.01.10-20.41.16:586][927]LogModuleManager: Shutting down and abandoning module ShaderFormatD3D (151)
[2021.01.10-20.41.16:586][927]LogModuleManager: Shutting down and abandoning module MetalShaderFormat (149)
[2021.01.10-20.41.16:586][927]LogModuleManager: Shutting down and abandoning module TextureFormatUncompressed (147)
[2021.01.10-20.41.16:586][927]LogModuleManager: Shutting down and abandoning module TextureFormatPVR (145)
[2021.01.10-20.41.16:586][927]LogModuleManager: Shutting down and abandoning module TextureFormatDXT (143)
[2021.01.10-20.41.16:587][927]LogModuleManager: Shutting down and abandoning module TextureFormatIntelISPCTexComp (141)
[2021.01.10-20.41.16:587][927]LogModuleManager: Shutting down and abandoning module TextureFormatASTC (139)
[2021.01.10-20.41.16:587][927]LogModuleManager: Shutting down and abandoning module ImageWrapper (138)
[2021.01.10-20.41.16:587][927]LogModuleManager: Shutting down and abandoning module TextureFormatAndroid (135)
[2021.01.10-20.41.16:587][927]LogModuleManager: Shutting down and abandoning module AudioFormatOpus (133)
[2021.01.10-20.41.16:587][927]LogModuleManager: Shutting down and abandoning module AudioFormatOgg (131)
[2021.01.10-20.41.16:587][927]LogModuleManager: Shutting down and abandoning module AudioFormatADPCM (129)
[2021.01.10-20.41.16:587][927]LogModuleManager: Shutting down and abandoning module LuminTargetPlatform (127)
[2021.01.10-20.41.16:587][927]LogModuleManager: Shutting down and abandoning module LinuxTargetPlatform (125)
[2021.01.10-20.41.16:587][927]LogModuleManager: Shutting down and abandoning module LinuxServerTargetPlatform (123)
[2021.01.10-20.41.16:587][927]LogModuleManager: Shutting down and abandoning module LinuxNoEditorTargetPlatform (121)
[2021.01.10-20.41.16:587][927]LogModuleManager: Shutting down and abandoning module LinuxClientTargetPlatform (119)
[2021.01.10-20.41.16:587][927]LogModuleManager: Shutting down and abandoning module TVOSTargetPlatform (117)
[2021.01.10-20.41.16:590][927]LogModuleManager: Shutting down and abandoning module Messaging (115)
[2021.01.10-20.41.16:590][927]LogModuleManager: Shutting down and abandoning module IOSTargetPlatform (113)
[2021.01.10-20.41.16:592][927]LogModuleManager: Shutting down and abandoning module HTML5TargetPlatform (111)
[2021.01.10-20.41.16:592][927]LogModuleManager: Shutting down and abandoning module AndroidTargetPlatform (109)
[2021.01.10-20.41.16:612][927]LogModuleManager: Shutting down and abandoning module WindowsTargetPlatform (107)
[2021.01.10-20.41.16:613][927]LogModuleManager: Shutting down and abandoning module WindowsServerTargetPlatform (105)
[2021.01.10-20.41.16:613][927]LogModuleManager: Shutting down and abandoning module WindowsNoEditorTargetPlatform (103)
[2021.01.10-20.41.16:613][927]LogModuleManager: Shutting down and abandoning module WindowsClientTargetPlatform (101)
[2021.01.10-20.41.16:613][927]LogModuleManager: Shutting down and abandoning module MacTargetPlatform (99)
[2021.01.10-20.41.16:613][927]LogModuleManager: Shutting down and abandoning module MacServerTargetPlatform (97)
[2021.01.10-20.41.16:613][927]LogModuleManager: Shutting down and abandoning module MacNoEditorTargetPlatform (95)
[2021.01.10-20.41.16:613][927]LogModuleManager: Shutting down and abandoning module MacClientTargetPlatform (93)
[2021.01.10-20.41.16:613][927]LogModuleManager: Shutting down and abandoning module AllDesktopTargetPlatform (91)
[2021.01.10-20.41.16:613][927]LogModuleManager: Shutting down and abandoning module InputCore (88)
[2021.01.10-20.41.16:613][927]LogModuleManager: Shutting down and abandoning module Settings (86)
[2021.01.10-20.41.16:613][927]LogModuleManager: Shutting down and abandoning module PhysXCooking (84)
[2021.01.10-20.41.16:613][927]LogModuleManager: Shutting down and abandoning module SteamVR (82)
[2021.01.10-20.41.16:613][927]LogModuleManager: Shutting down and abandoning module OculusHMD (80)
[2021.01.10-20.41.16:613][927]LogModuleManager: Shutting down and abandoning module ExampleDeviceProfileSelector (78)
[2021.01.10-20.41.16:613][927]LogModuleManager: Shutting down and abandoning module LauncherChunkInstaller (76)
[2021.01.10-20.41.16:613][927]LogModuleManager: Shutting down and abandoning module OnlineBlueprintSupport (74)
[2021.01.10-20.41.16:613][927]LogModuleManager: Shutting down and abandoning module OnlineSubsystem (70)
[2021.01.10-20.41.16:614][927]LogModuleManager: Shutting down and abandoning module XMPP (65)
[2021.01.10-20.41.16:615][927]LogModuleManager: Shutting down and abandoning module WebSockets (64)
[2021.01.10-20.41.16:641][927]LogModuleManager: Shutting down and abandoning module HTTP (61)
[2021.01.10-20.41.16:641][927]LogHttp: Display: Http module shutting down, but needs to wait on 1 outstanding Http requests:
[2021.01.10-20.41.16:641][927]LogHttp: Display: 	verb=[POST] url=[https://datarouter.ol.epicgames.com/datarouter/api/v1/public/data?SessionID=%7BF0E20B7A-47D0-4B98-E3B6-C0848AB645F0%7D&AppID=UEEditor.Rocket.Release&AppVersion=4.20.3-4369336%2B%2B%2BUE4%2BRelease-4.20&UserID=20b5a1354a8c15e0e8c66bb2a3058456%7Ce6512cb8604744178bf061b68307babf%7C03918e10-f6b0-4481-8214-2069b30b7b9f&AppEnvironment=datacollector-binary&UploadType=eteventstream] status=Processing
[2021.01.10-20.41.16:674][927]LogModuleManager: Shutting down and abandoning module SSL (60)
[2021.01.10-20.41.16:676][927]LogModuleManager: Shutting down and abandoning module MagicLeapEmulator (56)
[2021.01.10-20.41.16:676][927]LogModuleManager: Shutting down and abandoning module MagicLeapPrivileges (54)
[2021.01.10-20.41.16:676][927]LogModuleManager: Shutting down and abandoning module MagicLeapIdentity (52)
[2021.01.10-20.41.16:676][927]LogModuleManager: Shutting down and abandoning module MagicLeapHelperVulkan (50)
[2021.01.10-20.41.16:676][927]LogModuleManager: Shutting down and abandoning module MagicLeapHelperOpenGL (48)
[2021.01.10-20.41.16:676][927]LogModuleManager: Shutting down and abandoning module MagicLeapSecureStorage (46)
[2021.01.10-20.41.16:676][927]LogModuleManager: Shutting down and abandoning module MagicLeapGestures (44)
[2021.01.10-20.41.16:676][927]LogModuleManager: Shutting down and abandoning module MagicLeapEyeTracker (42)
[2021.01.10-20.41.16:676][927]LogModuleManager: Shutting down and abandoning module MagicLeapController (40)
[2021.01.10-20.41.16:676][927]LogSlate: Slate User Destroyed.  User Index 0, Is Virtual User: 0
[2021.01.10-20.41.16:676][927]LogModuleManager: Shutting down and abandoning module MagicLeap (38)
[2021.01.10-20.41.16:677][927]LogModuleManager: Shutting down and abandoning module AnimationModifiers (36)
[2021.01.10-20.41.16:677][927]LogModuleManager: Shutting down and abandoning module PropertyEditor (35)
[2021.01.10-20.41.16:677][927]LogModuleManager: Shutting down and abandoning module AudioEditor (32)
[2021.01.10-20.41.16:677][927]LogModuleManager: Shutting down and abandoning module TextureCompressor (30)
[2021.01.10-20.41.16:678][927]LogModuleManager: Shutting down and abandoning module ShaderCore (28)
[2021.01.10-20.41.16:678][927]LogModuleManager: Shutting down and abandoning module Landscape (26)
[2021.01.10-20.41.16:678][927]LogModuleManager: Shutting down and abandoning module SlateRHIRenderer (24)
[2021.01.10-20.41.16:679][927]LogModuleManager: Shutting down and abandoning module OpenGLDrv (22)
[2021.01.10-20.41.16:679][927]LogModuleManager: Shutting down and abandoning module D3D11RHI (20)
[2021.01.10-20.41.16:679][927]LogModuleManager: Shutting down and abandoning module AnimGraphRuntime (18)
[2021.01.10-20.41.16:679][927]LogModuleManager: Shutting down and abandoning module Renderer (16)
[2021.01.10-20.41.16:679][927]LogModuleManager: Shutting down and abandoning module Engine (14)
[2021.01.10-20.41.16:679][927]LogModuleManager: Shutting down and abandoning module CoreUObject (12)
[2021.01.10-20.41.16:679][927]LogModuleManager: Shutting down and abandoning module NetworkFile (10)
[2021.01.10-20.41.16:679][927]LogModuleManager: Shutting down and abandoning module CookedIterativeFile (8)
[2021.01.10-20.41.16:679][927]LogModuleManager: Shutting down and abandoning module StreamingFile (6)
[2021.01.10-20.41.16:679][927]LogModuleManager: Shutting down and abandoning module SandboxFile (4)
[2021.01.10-20.41.16:679][927]LogModuleManager: Shutting down and abandoning module PakFile (2)
[2021.01.10-20.41.16:692][927]LogExit: Exiting.
[2021.01.10-20.41.16:704][927]Log file closed, 01/10/21 21:41:16
