Log file open, 01/16/21 21:46:29
LogWindows: Failed to load 'aqProf.dll' (GetLastError=126)
LogWindows: File 'aqProf.dll' does not exist
LogWindows: Failed to load 'VSPerf140.dll' (GetLastError=126)
LogWindows: File 'VSPerf140.dll' does not exist
LogWindows: Failed to load 'VtuneApi.dll' (GetLastError=126)
LogWindows: File 'VtuneApi.dll' does not exist
LogWindows: Failed to load 'VtuneApi32e.dll' (GetLastError=126)
LogWindows: File 'VtuneApi32e.dll' does not exist
LogInit: Display: Running engine for game: BallRunner
LogPlatformFile: Not using cached read wrapper
LogTaskGraph: Started task graph with 5 named threads and 35 total threads with 3 sets of task threads.
LogStats: Stats thread started at 1.552625
LogD3D11RHI: Loaded GFSDK_Aftermath_Lib.x64.dll
LogICUInternationalization: Display: ICU TimeZone Detection - Raw Offset: +1:00, Platform Override: ''
LogPluginManager: Mounting plugin Paper2D
LogPluginManager: Mounting plugin AISupport
LogPluginManager: Mounting plugin LightPropagationVolume
LogPluginManager: Mounting plugin CLionSourceCodeAccess
LogPluginManager: Mounting plugin CodeLiteSourceCodeAccess
LogPluginManager: Mounting plugin GitSourceControl
LogPluginManager: Mounting plugin KDevelopSourceCodeAccess
LogPluginManager: Mounting plugin NullSourceCodeAccess
LogPluginManager: Mounting plugin PerforceSourceControl
LogPluginManager: Mounting plugin SubversionSourceControl
LogPluginManager: Mounting plugin UObjectPlugin
LogPluginManager: Mounting plugin VisualStudioCodeSourceCodeAccess
LogPluginManager: Mounting plugin VisualStudioSourceCodeAccess
LogPluginManager: Mounting plugin XCodeSourceCodeAccess
LogPluginManager: Mounting plugin AssetManagerEditor
LogPluginManager: Mounting plugin CryptoKeys
LogPluginManager: Mounting plugin DataValidation
LogPluginManager: Mounting plugin FacialAnimation
LogPluginManager: Mounting plugin GameplayTagsEditor
LogPluginManager: Mounting plugin MacGraphicsSwitching
LogPluginManager: Mounting plugin MeshEditor
LogPluginManager: Mounting plugin MobileLauncherProfileWizard
LogPluginManager: Mounting plugin PluginBrowser
LogPluginManager: Mounting plugin SpeedTreeImporter
LogPluginManager: Mounting plugin DatasmithContent
LogPluginManager: Mounting plugin AlembicImporter
LogPluginManager: Mounting plugin AppleImageUtils
LogPluginManager: Mounting plugin AppleVision
LogPluginManager: Mounting plugin BackChannel
LogPluginManager: Mounting plugin CharacterAI
LogPluginManager: Mounting plugin GeometryCache
LogPluginManager: Mounting plugin HTML5Networking
LogPluginManager: Mounting plugin ProxyLODPlugin
LogPluginManager: Mounting plugin MagicLeap
LogPluginManager: Mounting plugin MagicLeapEmulator
LogPluginManager: Mounting plugin MagicLeapMedia
LogPluginManager: Mounting plugin AndroidMedia
LogPluginManager: Mounting plugin AvfMedia
LogPluginManager: Mounting plugin ImgMedia
LogPluginManager: Mounting plugin LinearTimecode
LogPluginManager: Mounting plugin MediaCompositing
LogPluginManager: Mounting plugin MediaPlayerEditor
LogPluginManager: Mounting plugin WmfMedia
LogPluginManager: Mounting plugin TcpMessaging
LogPluginManager: Mounting plugin UdpMessaging
LogPluginManager: Mounting plugin ActorSequence
LogPluginManager: Mounting plugin LevelSequenceEditor
LogPluginManager: Mounting plugin MatineeToLevelSequence
LogPluginManager: Mounting plugin NetcodeUnitTest
LogPluginManager: Mounting plugin NUTUnrealEngine4
LogPluginManager: Mounting plugin OnlineSubsystemGooglePlay
LogPluginManager: Mounting plugin OnlineSubsystemIOS
LogPluginManager: Mounting plugin OnlineSubsystem
LogPluginManager: Mounting plugin OnlineSubsystemNull
LogPluginManager: Mounting plugin OnlineSubsystemUtils
LogPluginManager: Mounting plugin LauncherChunkInstaller
LogPluginManager: Mounting plugin AndroidDeviceProfileSelector
LogPluginManager: Mounting plugin AndroidMoviePlayer
LogPluginManager: Mounting plugin AndroidPermission
LogPluginManager: Mounting plugin AppleMoviePlayer
LogPluginManager: Mounting plugin ArchVisCharacter
LogPluginManager: Mounting plugin AudioCapture
LogPluginManager: Mounting plugin CableComponent
LogPluginManager: Mounting plugin CustomMeshComponent
LogPluginManager: Mounting plugin EditableMesh
LogPluginManager: Mounting plugin ExampleDeviceProfileSelector
LogPluginManager: Mounting plugin GoogleCloudMessaging
LogPluginManager: Mounting plugin ImmediatePhysics
LogPluginManager: Mounting plugin IOSDeviceProfileSelector
LogPluginManager: Mounting plugin LinuxDeviceProfileSelector
LogPluginManager: Mounting plugin LocationServicesBPLibrary
LogPluginManager: Mounting plugin MobilePatchingUtils
LogPluginManager: Mounting plugin OculusVR
LogPluginManager: Plugin shader directory ../../../Engine/Plugins/Runtime/Oculus/OculusVR/Shaders found
LogPluginManager: Mapping shader source directory ../../../Engine/Plugins/Runtime/Oculus/OculusVR/Shaders to virtual directory /Plugin/OculusVR
LogPluginManager: Mounting plugin PhysXVehicles
LogPluginManager: Mounting plugin ProceduralMeshComponent
LogPluginManager: Mounting plugin RuntimePhysXCooking
LogPluginManager: Mounting plugin SteamVR
LogPluginManager: Mounting plugin WindowsMoviePlayer
LogStreaming: Display: Took  0.235s to configure plugins.
LogInit: Using libcurl 7.55.1-DEV
LogInit:  - built for x86_64-pc-win32
LogInit:  - supports SSL with OpenSSL/1.0.2h
LogInit:  - supports HTTP deflate (compression) using libz 1.2.8
LogInit:  - other features:
LogInit:      CURL_VERSION_SSL
LogInit:      CURL_VERSION_LIBZ
LogInit:      CURL_VERSION_IPV6
LogInit:      CURL_VERSION_ASYNCHDNS
LogInit:      CURL_VERSION_LARGEFILE
LogInit:      CURL_VERSION_IDN
LogInit:  CurlRequestOptions (configurable via config and command line):
LogInit:  - bVerifyPeer = false  - Libcurl will NOT verify peer certificate
LogInit:  - bUseHttpProxy = false  - Libcurl will NOT use HTTP proxy
LogInit:  - bDontReuseConnections = false  - Libcurl will reuse connections
LogInit:  - CertBundlePath = nullptr  - Libcurl will use whatever was configured at build time.
LogInit:  - MaxHostConnections = 16  - Libcurl will limit the number of connections to a host
LogInit:  - LocalHostAddr = Default
LogInit:  - BufferSize = 65536
LogInit: WinSock: version 1.1 (2.2), MaxSocks=32767, MaxUdp=65467
LogInit: Build: ++UE4+Release-4.20-CL-4369336
LogInit: Engine Version: 4.20.3-4369336+++UE4+Release-4.20
LogInit: Compatible Engine Version: 4.20.0-4212847+++UE4+Release-4.20
LogInit: Net CL: 4212847
LogInit: OS: Windows 10 (), CPU: Intel(R) Core(TM) i7-8750H CPU @ 2.20GHz, GPU: Intel(R) UHD Graphics 630
LogInit: Compiled (64-bit): Sep 17 2018 12:26:19
LogInit: Compiled with Visual C++: 19.13.26129.00
LogInit: Build Configuration: Development
LogInit: Branch Name: ++UE4+Release-4.20
LogInit: Command Line:  
LogInit: Base Directory: C:/Program Files/Epic Games/UE_4.20/Engine/Binaries/Win64/
LogInit: Installed Engine Build: 1
LogDevObjectVersion: Number of dev versions registered: 20
LogDevObjectVersion:   Dev-Blueprints (B0D832E4-1F89-4F0D-ACCF-7EB736FD4AA2): 10
LogDevObjectVersion:   Dev-Build (E1C64328-A22C-4D53-A36C-8E866417BD8C): 0
LogDevObjectVersion:   Dev-Core (375EC13C-06E4-48FB-B500-84F0262A717E): 2
LogDevObjectVersion:   Dev-Editor (E4B068ED-F494-42E9-A231-DA0B2E46BB41): 24
LogDevObjectVersion:   Dev-Framework (CFFC743F-43B0-4480-9391-14DF171D2073): 34
LogDevObjectVersion:   Dev-Mobile (B02B49B5-BB20-44E9-A304-32B752E40360): 2
LogDevObjectVersion:   Dev-Networking (A4E4105C-59A1-49B5-A7C5-40C4547EDFEE): 0
LogDevObjectVersion:   Dev-Online (39C831C9-5AE6-47DC-9A44-9C173E1C8E7C): 0
LogDevObjectVersion:   Dev-Physics (78F01B33-EBEA-4F98-B9B4-84EACCB95AA2): 0
LogDevObjectVersion:   Dev-Platform (6631380F-2D4D-43E0-8009-CF276956A95A): 0
LogDevObjectVersion:   Dev-Rendering (12F88B9F-8875-4AFC-A67C-D90C383ABD29): 26
LogDevObjectVersion:   Dev-Sequencer (7B5AE74C-D270-4C10-A958-57980B212A5A): 9
LogDevObjectVersion:   Dev-VR (D7296918-1DD6-4BDD-9DE2-64A83CC13884): 2
LogDevObjectVersion:   Dev-LoadTimes (C2A15278-BFE7-4AFE-6C17-90FF531DF755): 1
LogDevObjectVersion:   Private-Geometry (6EACA3D4-40EC-4CC1-B786-8BED09428FC5): 3
LogDevObjectVersion:   Dev-AnimPhys (29E575DD-E0A3-4627-9D10-D276232CDCEA): 17
LogDevObjectVersion:   Dev-ReflectionCapture (6B266CEC-1EC7-4B8F-A30B-E4D90942FC07): 1
LogDevObjectVersion:   Dev-Automation (0DF73D61-A23F-47EA-B727-89E90C41499A): 1
LogDevObjectVersion:   FortniteMain (601D1886-AC64-4F84-AA16-D3DE0DEAC7D6): 12
LogDevObjectVersion:   Dev-Enterprise (9DFFBCD6-494F-0158-E221-12823C92A888): 1
LogStreaming: Display: Took  1.077s to delete old logs.
LogInit: Presizing for max 8388607 objects, including 0 objects not considered by GC, pre-allocating 0 bytes for permanent pool.
LogInit: Object subsystem initialized
[2021.01.16-20.46.31:412][  0]LogInit: Selected Device Profile: [Windows]
[2021.01.16-20.46.31:413][  0]LogInit: Applying CVar settings loaded from the selected device profile: [Windows]
[2021.01.16-20.46.31:467][  0]LogHAL: Display: Platform has ~ 16 GB [17015570432 / 17179869184 / 16], which maps to Larger [LargestMinGB=32, LargerMinGB=12, DefaultMinGB=8, SmallerMinGB=6, SmallestMinGB=0)
[2021.01.16-20.46.31:468][  0]LogInit: Setting Device Profile CVar: [[r.Vulkan.UseRealUBs:1]]
[2021.01.16-20.46.31:468][  0]LogInit: Going up to parent DeviceProfile []
[2021.01.16-20.46.31:473][  0]LogInit: Computer: DESKTOP-UNUEO59
[2021.01.16-20.46.31:473][  0]LogInit: User: torra
[2021.01.16-20.46.31:473][  0]LogInit: CPU Page size=4096, Cores=6
[2021.01.16-20.46.31:473][  0]LogInit: High frequency timer resolution =10.000000 MHz
[2021.01.16-20.46.31:473][  0]LogMemory: Memory total: Physical=15.8GB (16GB approx)
[2021.01.16-20.46.31:473][  0]LogMemory: Platform Memory Stats for Windows
[2021.01.16-20.46.31:473][  0]LogMemory: Process Physical Memory: 101.89 MB used, 101.89 MB peak
[2021.01.16-20.46.31:473][  0]LogMemory: Process Virtual Memory: 85.75 MB used, 85.75 MB peak
[2021.01.16-20.46.31:473][  0]LogMemory: Physical Memory: 8703.66 MB used,  7523.65 MB free, 16227.31 MB total
[2021.01.16-20.46.31:473][  0]LogMemory: Virtual Memory: 4626.50 MB used,  7523.65 MB free, 134217728.00 MB total
[2021.01.16-20.46.31:729][  0]LogInit: Using OS detected language (pl-PL).
[2021.01.16-20.46.31:729][  0]LogInit: Using OS detected locale (pl-PL).
[2021.01.16-20.46.31:731][  0]LogTextLocalizationManager: No specific localization for 'pl-PL' exists, so the 'pl' localization will be used.
[2021.01.16-20.46.31:743][  0]LogStreaming: Display: Took  0.013s to InitEngineTextLocalization.
[2021.01.16-20.46.31:838][  0]LogSlate: New Slate User Created.  User Index 0, Is Virtual User: 0
[2021.01.16-20.46.31:838][  0]LogSlate: Slate User Registered.  User Index 0, Is Virtual User: 0
[2021.01.16-20.46.32:671][  0]LogHMD: Failed to initialize OpenVR with code 110
[2021.01.16-20.46.32:671][  0]LogD3D11RHI: D3D11 adapters:
[2021.01.16-20.46.32:812][  0]LogD3D11RHI:    0. 'NVIDIA GeForce GTX 1650' (Feature Level 11_0)
[2021.01.16-20.46.32:812][  0]LogD3D11RHI:       3962/0/8113 MB DedicatedVideo/DedicatedSystem/SharedSystem, Outputs:2, VendorId:0x10de
[2021.01.16-20.46.32:858][  0]LogD3D11RHI:    1. 'Intel(R) UHD Graphics 630' (Feature Level 11_0)
[2021.01.16-20.46.32:858][  0]LogD3D11RHI:       128/0/8113 MB DedicatedVideo/DedicatedSystem/SharedSystem, Outputs:0, VendorId:0x8086
[2021.01.16-20.46.32:861][  0]LogD3D11RHI:    2. 'Microsoft Basic Render Driver' (Feature Level 11_0)
[2021.01.16-20.46.32:862][  0]LogD3D11RHI:       0/0/8113 MB DedicatedVideo/DedicatedSystem/SharedSystem, Outputs:0, VendorId:0x1414
[2021.01.16-20.46.32:862][  0]LogD3D11RHI: Chosen D3D11 Adapter: 0
[2021.01.16-20.46.32:871][  0]LogD3D11RHI: Creating new Direct3DDevice
[2021.01.16-20.46.32:872][  0]LogD3D11RHI:     GPU DeviceId: 0x1f91 (for the marketing name, search the web for "GPU Device Id")
[2021.01.16-20.46.32:872][  0]LogWindows: EnumDisplayDevices:
[2021.01.16-20.46.32:873][  0]LogWindows:    0. 'Intel(R) UHD Graphics 630' (P:0 D:1)
[2021.01.16-20.46.32:873][  0]LogWindows:    1. 'Intel(R) UHD Graphics 630' (P:1 D:1)
[2021.01.16-20.46.32:874][  0]LogWindows:    2. 'Intel(R) UHD Graphics 630' (P:0 D:0)
[2021.01.16-20.46.32:874][  0]LogWindows: DebugString: PrimaryIsNotTheChoosenAdapter PrimaryIsNotTheChoosenAdapter PrimaryIsNotTheChoosenAdapter FoundDriverCount:0 
[2021.01.16-20.46.32:874][  0]LogD3D11RHI:     Adapter Name: NVIDIA GeForce GTX 1650
[2021.01.16-20.46.32:874][  0]LogD3D11RHI:   Driver Version: Unknown (internal:Unknown, unified:Unknown)
[2021.01.16-20.46.32:874][  0]LogD3D11RHI:      Driver Date: Unknown
[2021.01.16-20.46.32:874][  0]LogRHI: Texture pool is 2773 MB (70% of 3962 MB)
[2021.01.16-20.46.32:976][  0]LogD3D11RHI: Async texture creation enabled
[2021.01.16-20.46.33:014][  0]LogD3D11RHI: GPU Timing Frequency: 1000.000000 (Debug: 2 1)
[2021.01.16-20.46.33:021][  0]LogShaderCompilers: Guid format shader working directory is 8 characters bigger than the processId version (D:/programowanie/BallRunner/BallRunner/Intermediate/Shaders/WorkingDirectory/8204/).
[2021.01.16-20.46.33:021][  0]LogShaderCompilers: Cleaned the shader compiler working directory 'C:/Users/torra/AppData/Local/Temp/UnrealShaderWorkingDir/5104ADC04A558BF0187780A296AE7127/'.
[2021.01.16-20.46.33:524][  0]LogTemp: Display: Loaded TP AllDesktopTargetPlatform
[2021.01.16-20.46.33:547][  0]LogTemp: Display: Loaded TP MacClientTargetPlatform
[2021.01.16-20.46.33:571][  0]LogTemp: Display: Loaded TP MacNoEditorTargetPlatform
[2021.01.16-20.46.33:595][  0]LogTemp: Display: Loaded TP MacServerTargetPlatform
[2021.01.16-20.46.33:620][  0]LogTemp: Display: Loaded TP MacTargetPlatform
[2021.01.16-20.46.33:646][  0]LogTemp: Display: Loaded TP WindowsClientTargetPlatform
[2021.01.16-20.46.33:670][  0]LogTemp: Display: Loaded TP WindowsNoEditorTargetPlatform
[2021.01.16-20.46.33:694][  0]LogTemp: Display: Loaded TP WindowsServerTargetPlatform
[2021.01.16-20.46.33:709][  0]LogTemp: Display: Loaded TP WindowsTargetPlatform
[2021.01.16-20.46.33:840][  0]LogTemp: Display: Loaded TP AndroidTargetPlatform
[2021.01.16-20.46.33:840][  0]LogTemp: Display: Loaded TP AndroidTargetPlatform
[2021.01.16-20.46.33:840][  0]LogTemp: Display: Loaded TP AndroidTargetPlatform
[2021.01.16-20.46.33:840][  0]LogTemp: Display: Loaded TP AndroidTargetPlatform
[2021.01.16-20.46.33:840][  0]LogTemp: Display: Loaded TP AndroidTargetPlatform
[2021.01.16-20.46.33:840][  0]LogTemp: Display: Loaded TP AndroidTargetPlatform
[2021.01.16-20.46.33:840][  0]LogTemp: Display: Loaded TP AndroidTargetPlatform
[2021.01.16-20.46.33:840][  0]LogTemp: Display: Loaded TP AndroidTargetPlatform
[2021.01.16-20.46.33:840][  0]LogTemp: Display: Loaded TP AndroidTargetPlatform
[2021.01.16-20.46.33:840][  0]LogTemp: Display: Loaded TP AndroidTargetPlatform
[2021.01.16-20.46.33:840][  0]LogTemp: Display: Loaded TP AndroidTargetPlatform
[2021.01.16-20.46.33:840][  0]LogTemp: Display: Loaded TP AndroidTargetPlatform
[2021.01.16-20.46.33:840][  0]LogTemp: Display: Loaded TP AndroidTargetPlatform
[2021.01.16-20.46.33:840][  0]LogTemp: Display: Loaded TP AndroidTargetPlatform
[2021.01.16-20.46.33:840][  0]LogTemp: Display: Loaded TP AndroidTargetPlatform
[2021.01.16-20.46.33:840][  0]LogTemp: Display: Loaded TP AndroidTargetPlatform
[2021.01.16-20.46.33:840][  0]LogTemp: Display: Loaded TP AndroidTargetPlatform
[2021.01.16-20.46.33:841][  0]LogTemp: Display: Loaded TP AndroidTargetPlatform
[2021.01.16-20.46.33:847][  0]LogTemp: Display: Loaded TP HTML5TargetPlatform
[2021.01.16-20.46.33:938][  0]LogTemp: Display: Loaded TP IOSTargetPlatform
[2021.01.16-20.46.33:938][  0]LogTemp: Display: Loaded TP IOSTargetPlatform
[2021.01.16-20.46.33:975][  0]LogTemp: Display: Loaded TP TVOSTargetPlatform
[2021.01.16-20.46.33:975][  0]LogTemp: Display: Loaded TP TVOSTargetPlatform
[2021.01.16-20.46.33:998][  0]LogTemp: Display: Loaded TP LinuxClientTargetPlatform
[2021.01.16-20.46.34:020][  0]LogTemp: Display: Loaded TP LinuxNoEditorTargetPlatform
[2021.01.16-20.46.34:042][  0]LogTemp: Display: Loaded TP LinuxServerTargetPlatform
[2021.01.16-20.46.34:068][  0]LogTemp: Display: Loaded TP LinuxTargetPlatform
[2021.01.16-20.46.34:084][  0]LogTemp: Display: Loaded TP LuminTargetPlatform
[2021.01.16-20.46.34:084][  0]LogTargetPlatformManager: Display: Building Assets For Windows
[2021.01.16-20.46.34:319][  0]LogXGEController: Cleaning working directory: C:/Users/torra/AppData/Local/Temp/UnrealXGEWorkingDir/
[2021.01.16-20.46.34:320][  0]LogXGEController: Cannot use XGE Controller as Incredibuild is not installed on this machine.
[2021.01.16-20.46.34:320][  0]LogShaderCompilers: Cannot use XGE Shader Compiler as Incredibuild is not installed on this machine.
[2021.01.16-20.46.34:320][  0]LogShaderCompilers: Display: Using Local Shader Compiler.
[2021.01.16-20.46.35:974][  0]LogDerivedDataCache: Display: Max Cache Size: 512 MB
[2021.01.16-20.46.36:379][  0]LogDerivedDataCache: Loaded boot cache 0.41s 71MB C:/Users/torra/AppData/Local/UnrealEngine/4.20/DerivedDataCache/Boot.ddc.
[2021.01.16-20.46.36:380][  0]LogDerivedDataCache: Display: Loaded Boot cache: C:/Users/torra/AppData/Local/UnrealEngine/4.20/DerivedDataCache/Boot.ddc
[2021.01.16-20.46.36:380][  0]LogDerivedDataCache: FDerivedDataBackendGraph:  Pak pak cache file D:/programowanie/BallRunner/BallRunner/DerivedDataCache/DDC.ddp not found, will not use a pak cache.
[2021.01.16-20.46.36:380][  0]LogDerivedDataCache: Unable to find inner node Pak for hierarchical cache Hierarchy.
[2021.01.16-20.46.36:380][  0]LogDerivedDataCache: FDerivedDataBackendGraph:  CompressedPak pak cache file D:/programowanie/BallRunner/BallRunner/DerivedDataCache/Compressed.ddp not found, will not use a pak cache.
[2021.01.16-20.46.36:380][  0]LogDerivedDataCache: Unable to find inner node CompressedPak for hierarchical cache Hierarchy.
[2021.01.16-20.46.36:411][  0]LogDerivedDataCache: Display: Pak cache opened for reading ../../../Engine/DerivedDataCache/Compressed.ddp.
[2021.01.16-20.46.36:425][  0]LogDerivedDataCache: Using Local data cache path C:/Users/torra/AppData/Local/UnrealEngine/Common/DerivedDataCache: Writable
[2021.01.16-20.46.36:425][  0]LogDerivedDataCache: Shared data cache path not found in *engine.ini, will not use an Shared cache.
[2021.01.16-20.46.36:425][  0]LogDerivedDataCache: Unable to find inner node Shared for hierarchical cache Hierarchy.
[2021.01.16-20.46.36:455][  0]LogMaterial: Verifying Global Shaders for PCD3D_SM5
[2021.01.16-20.46.36:466][  0]LogSlate: Using FreeType 2.6.0
[2021.01.16-20.46.36:473][  0]LogSlate: SlateFontServices - WITH_FREETYPE: 1, WITH_HARFBUZZ: 1
[2021.01.16-20.46.36:748][  0]LogAssetRegistry: FAssetRegistry took 0.0331 seconds to start up
[2021.01.16-20.46.37:325][  0]LogInit: Selected Device Profile: [Windows]
[2021.01.16-20.46.37:736][  0]LogSimplygon: Simplygon DLL not present - disabling.
[2021.01.16-20.46.37:773][  0]LogMeshReduction: Using SimplygonSwarm for distributed automatic mesh merging
[2021.01.16-20.46.37:773][  0]LogMeshReduction: Using ProxyLODMeshReduction for automatic mesh merging
[2021.01.16-20.46.37:775][  0]LogMeshReduction: Using QuadricMeshReduction for automatic static mesh reduction
[2021.01.16-20.46.37:775][  0]LogMeshReduction: No automatic skeletal mesh reduction module available
[2021.01.16-20.46.37:845][  0]LogNetVersion: BallRunner 1.0.0, NetCL: 4212847, EngineNetVer: 5, GameNetVer: 0 (Checksum: 346235534)
[2021.01.16-20.46.39:433][  0]LogPackageLocalizationCache: Processed 11 localized package path(s) for 2 prioritized culture(s) in 0.417496 seconds
[2021.01.16-20.46.39:443][  0]LogUObjectArray: 38425 objects as part of root set at end of initial load.
[2021.01.16-20.46.39:444][  0]LogUObjectAllocator: 6690872 out of 0 bytes used by permanent object pool.
[2021.01.16-20.46.39:444][  0]LogUObjectArray: CloseDisregardForGC: 0/0 objects in disregard for GC pool
[2021.01.16-20.46.43:067][  0]LogTcpMessaging: Initializing TcpMessaging bridge
[2021.01.16-20.46.43:089][  0]LogUdpMessaging: Initializing bridge on interface 0.0.0.0:0 to multicast group 230.0.0.1:6666.
[2021.01.16-20.46.43:488][  0]SourceControl: Source control is disabled
[2021.01.16-20.46.43:489][  0]SourceControl: Source control is disabled
[2021.01.16-20.46.43:510][  0]SourceControl: Source control is disabled
[2021.01.16-20.46.43:520][  0]SourceControl: Source control is disabled
[2021.01.16-20.46.43:996][  0]LogAndroidPermission: UAndroidPermissionCallbackProxy::GetInstance
[2021.01.16-20.46.44:345][  0]LogOcInput: OculusInput pre-init called
[2021.01.16-20.46.44:511][  0]LogEngine: Initializing Engine...
[2021.01.16-20.46.44:516][  0]LogHMD: Failed to initialize OpenVR with code 110
[2021.01.16-20.46.44:521][  0]LogStats: UGameplayTagsManager::ConstructGameplayTagTree: ImportINI prefixes -  0.001 s
[2021.01.16-20.46.44:521][  0]LogStats: UGameplayTagsManager::ConstructGameplayTagTree: Construct from data asset -  0.000 s
[2021.01.16-20.46.44:521][  0]LogStats: UGameplayTagsManager::ConstructGameplayTagTree: ImportINI -  0.000 s
[2021.01.16-20.46.44:522][  0]LogStats: UGameplayTagsManager::ConstructGameplayTagTree: GameplayTagTreeChangedEvent.Broadcast -  0.000 s
[2021.01.16-20.46.44:886][  0]LogInit: Initializing FReadOnlyCVARCache
[2021.01.16-20.46.44:969][  0]LogAIModule: Creating AISystem for world Untitled
[2021.01.16-20.46.45:107][  0]LogInit: XAudio2 using 'Głośniki (Realtek(R) Audio)' : 2 channels at 48 kHz using 32 bits per sample (channel mask 0x3)
[2021.01.16-20.46.45:141][  0]LogInit: FAudioDevice initialized.
[2021.01.16-20.46.45:142][  0]LogNetVersion: Set ProjectVersion to 1.0.0.0. Version Checksum will be recalculated on next use.
[2021.01.16-20.46.45:235][  0]LogDerivedDataCache: Saved boot cache 0.09s 71MB C:/Users/torra/AppData/Local/UnrealEngine/4.20/DerivedDataCache/Boot.ddc.
[2021.01.16-20.46.45:241][  0]LogInit: Texture streaming: Enabled
[2021.01.16-20.46.45:287][  0]LogEngineSessionManager: EngineSessionManager initialized
[2021.01.16-20.46.45:319][  0]LogInit: Transaction tracking system initialized
[2021.01.16-20.46.45:422][  0]BlueprintLog: New page: Editor Load
[2021.01.16-20.46.45:777][  0]LocalizationService: Localization service is disabled
[2021.01.16-20.46.46:440][  0]LogCook: Display: Max memory allowance for cook 16384mb min free memory 0mb
[2021.01.16-20.46.46:441][  0]LogCook: Display: Mobile HDR setting 1
[2021.01.16-20.46.46:442][  0]LogFileCache: Scanning file cache for directory 'D:/programowanie/BallRunner/BallRunner/Content/' took 0.01s
[2021.01.16-20.46.46:442][  0]LogGameplayTags: Display: UGameplayTagsManager::DoneAddingNativeTags. DelegateIsBound: 0
[2021.01.16-20.46.46:442][  0]LogStats: UGameplayTagsManager::ConstructGameplayTagTree: ImportINI prefixes -  0.000 s
[2021.01.16-20.46.46:442][  0]LogStats: UGameplayTagsManager::ConstructGameplayTagTree: Construct from data asset -  0.000 s
[2021.01.16-20.46.46:442][  0]LogStats: UGameplayTagsManager::ConstructGameplayTagTree: ImportINI -  0.000 s
[2021.01.16-20.46.46:442][  0]LogStats: UGameplayTagsManager::ConstructGameplayTagTree: GameplayTagTreeChangedEvent.Broadcast -  0.000 s
[2021.01.16-20.46.46:958][  0]SourceControl: Source control is disabled
[2021.01.16-20.46.46:960][  0]Cmd: MAP LOAD FILE="D:/programowanie/BallRunner/BallRunner/Content/Levels/MainLevel.umap" TEMPLATE=0 SHOWPROGRESS=1 FEATURELEVEL=3
[2021.01.16-20.46.46:962][  0]LightingResults: New page: Lighting Build
[2021.01.16-20.46.46:979][  0]MapCheck: New page: Map Check
[2021.01.16-20.46.46:980][  0]LightingResults: New page: Lighting Build
[2021.01.16-20.46.48:318][  0]LogAIModule: Creating AISystem for world MainLevel
[2021.01.16-20.46.48:360][  0]LogEditorServer: Finished looking for orphan Actors (0.000 secs)
[2021.01.16-20.46.48:410][  0]Cmd: MAP CHECKDEP NOCLEARLOG
[2021.01.16-20.46.48:555][  0]MapCheck: Map check complete: 0 Error(s), 0 Warning(s), took 145,506ms to complete.
[2021.01.16-20.46.48:555][  0]LogFileHelpers: Loading map 'MainLevel' took 1.596
[2021.01.16-20.46.48:794][  0]LogSlate: Updating window title bar state: overlay mode, drag disabled, window buttons hidden, title bar hidden
[2021.01.16-20.46.48:807][  0]LogSlate: Updating window title bar state: overlay mode, drag disabled, window buttons hidden, title bar hidden
[2021.01.16-20.46.48:818][  0]LogSlate: Updating window title bar state: overlay mode, drag disabled, window buttons hidden, title bar hidden
[2021.01.16-20.46.48:829][  0]LogSlate: Updating window title bar state: overlay mode, drag disabled, window buttons hidden, title bar hidden
[2021.01.16-20.46.48:857][  0]LogCollectionManager: Loaded 0 collections in 0.002605 seconds
[2021.01.16-20.46.48:936][  0]LogFileCache: Scanning file cache for directory 'D:/programowanie/BallRunner/BallRunner/Saved/Collections/' took 0.01s
[2021.01.16-20.46.48:936][  0]LogFileCache: Scanning file cache for directory 'D:/programowanie/BallRunner/BallRunner/Content/Developers/torra/Collections/' took 0.01s
[2021.01.16-20.46.48:936][  0]LogFileCache: Scanning file cache for directory 'D:/programowanie/BallRunner/BallRunner/Content/Collections/' took 0.01s
[2021.01.16-20.46.48:936][  0]LogCollectionManager: Rebuilt the GUID cache for 0 collections in 0.000001 seconds
[2021.01.16-20.46.48:956][  0]LogContentBrowser: Native class hierarchy populated in 0.0162 seconds. Added 2572 classes and 603 folders.
[2021.01.16-20.46.48:986][  0]LogContentBrowser: Native class hierarchy updated for 'WidgetCarousel' in 0.0004 seconds. Added 0 classes and 0 folders.
[2021.01.16-20.46.49:254][  0]LogContentBrowser: Native class hierarchy updated for 'AddContentDialog' in 0.0003 seconds. Added 0 classes and 0 folders.
[2021.01.16-20.46.49:275][  0]LogContentBrowser: Native class hierarchy updated for 'SceneOutliner' in 0.0004 seconds. Added 1 classes and 2 folders.
[2021.01.16-20.46.49:515][  0]LogSlate: Took 0.002541 seconds to synchronously load lazily loaded font '../../../Engine/Content/Slate/Fonts/Roboto-Regular.ttf' (155K)
[2021.01.16-20.46.49:521][  0]LogSlate: Took 0.002666 seconds to synchronously load lazily loaded font '../../../Engine/Content/Slate/Fonts/Roboto-Bold.ttf' (160K)
[2021.01.16-20.46.49:537][  0]LogSlate: Took 0.002329 seconds to synchronously load lazily loaded font '../../../Engine/Content/Editor/Slate/Fonts/FontAwesome.ttf' (139K)
[2021.01.16-20.46.49:687][  0]LogRenderer: Reallocating scene render targets to support 1156x624 Format 10 NumSamples 1 (Frame:1).
[2021.01.16-20.46.49:988][  0]LogContentBrowser: Native class hierarchy updated for 'HierarchicalLODOutliner' in 0.0004 seconds. Added 0 classes and 0 folders.
[2021.01.16-20.46.49:988][  0]LogLoad: (Engine Initialization) Total time: 25.25 seconds
[2021.01.16-20.46.49:989][  0]LogLoad: (Engine Initialization) Total Blueprint compile time: 0.00 seconds
[2021.01.16-20.46.50:036][  0]LogContentStreaming: Texture pool size now 1000 MB
[2021.01.16-20.46.50:062][  0]LogSlate: Took 0.002738 seconds to synchronously load lazily loaded font '../../../Engine/Content/Slate/Fonts/Roboto-Light.ttf' (167K)
[2021.01.16-20.46.50:379][  2]LogAssetRegistry: Asset discovery search completed in 13.6552 seconds
[2021.01.16-20.46.50:381][  2]LogCollectionManager: Rebuilt the object cache for 0 collections in 0.000001 seconds (found 0 objects)
[2021.01.16-20.46.50:381][  2]LogCollectionManager: Fixed up redirectors for 0 collections in 0.000110 seconds (updated 0 objects)
[2021.01.16-20.48.18:427][362]LogSlate: FSceneViewport::OnFocusLost() reason 0
[2021.01.16-20.48.18:585][366]LogSlate: Window 'BallRunner - Unreal Editor' being destroyed
[2021.01.16-20.48.18:586][366]LogWindowsTextInputMethodSystem: Display: IME system now deactivated.
[2021.01.16-20.48.19:127][367]Cmd: QUIT_EDITOR
[2021.01.16-20.48.19:165][367]LogExit: Preparing to exit.
[2021.01.16-20.48.20:193][367]LogExit: Editor shut down
[2021.01.16-20.48.20:193][367]LogExit: Transaction tracking system shut down
[2021.01.16-20.48.20:632][367]LogExit: Object subsystem successfully closed.
[2021.01.16-20.48.20:672][367]LogShaderCompilers: Display: Shaders left to compile 0
[2021.01.16-20.48.20:677][367]LogD3D11RHI: Shutdown
[2021.01.16-20.48.20:677][367]LogD3D11RHI: CleanupD3DDevice
[2021.01.16-20.48.20:679][367]LogD3D11RHI: ~FD3D11DynamicRHI
[2021.01.16-20.48.20:750][367]LogModuleManager: Shutting down and abandoning module HierarchicalLODOutliner (610)
[2021.01.16-20.48.20:750][367]LogModuleManager: Shutting down and abandoning module SceneOutliner (608)
[2021.01.16-20.48.20:751][367]LogModuleManager: Shutting down and abandoning module AddContentDialog (606)
[2021.01.16-20.48.20:751][367]LogModuleManager: Shutting down and abandoning module WidgetCarousel (605)
[2021.01.16-20.48.20:751][367]LogModuleManager: Shutting down and abandoning module EditorWidgets (602)
[2021.01.16-20.48.20:752][367]LogModuleManager: Shutting down and abandoning module CollectionManager (600)
[2021.01.16-20.48.20:753][367]LogModuleManager: Shutting down and abandoning module StatsViewer (598)
[2021.01.16-20.48.20:753][367]LogModuleManager: Shutting down and abandoning module FoliageEdit (596)
[2021.01.16-20.48.20:753][367]LogModuleManager: Shutting down and abandoning module LandscapeEditor (594)
[2021.01.16-20.48.20:755][367]LogModuleManager: Shutting down and abandoning module MeshPaintMode (592)
[2021.01.16-20.48.20:755][367]LogModuleManager: Shutting down and abandoning module SceneDepthPickerMode (590)
[2021.01.16-20.48.20:756][367]LogModuleManager: Shutting down and abandoning module ActorPickerMode (588)
[2021.01.16-20.48.20:756][367]LogModuleManager: Shutting down and abandoning module GeometryMode (586)
[2021.01.16-20.48.20:756][367]LogModuleManager: Shutting down and abandoning module TextureAlignMode (584)
[2021.01.16-20.48.20:756][367]LogModuleManager: Shutting down and abandoning module BspMode (582)
[2021.01.16-20.48.20:756][367]LogModuleManager: Shutting down and abandoning module PIEPreviewDeviceProfileSelector (580)
[2021.01.16-20.48.20:756][367]LogModuleManager: Shutting down and abandoning module SequenceRecorderSections (578)
[2021.01.16-20.48.20:756][367]LogModuleManager: Shutting down and abandoning module AutomationWorker (576)
[2021.01.16-20.48.20:756][367]LogModuleManager: Shutting down and abandoning module AudioCaptureEditor (574)
[2021.01.16-20.48.20:756][367]LogModuleManager: Shutting down and abandoning module SequenceRecorder (573)
[2021.01.16-20.48.20:756][367]LogModuleManager: Shutting down and abandoning module MatineeToLevelSequence (570)
[2021.01.16-20.48.20:756][367]LogModuleManager: Shutting down and abandoning module LevelSequenceEditor (568)
[2021.01.16-20.48.20:757][367]LogModuleManager: Shutting down and abandoning module PlacementMode (567)
[2021.01.16-20.48.20:757][367]LogModuleManager: Shutting down and abandoning module MaterialEditor (566)
[2021.01.16-20.48.20:760][367]LogModuleManager: Shutting down and abandoning module WmfMediaFactory (562)
[2021.01.16-20.48.20:760][367]LogModuleManager: Shutting down and abandoning module WmfMediaEditor (560)
[2021.01.16-20.48.20:760][367]LogModuleManager: Shutting down and abandoning module MediaPlayerEditor (558)
[2021.01.16-20.48.20:760][367]LogModuleManager: Shutting down and abandoning module OpenExrWrapper (556)
[2021.01.16-20.48.20:760][367]LogModuleManager: Shutting down and abandoning module ImgMediaFactory (554)
[2021.01.16-20.48.20:760][367]LogModuleManager: Shutting down and abandoning module ImgMediaEditor (552)
[2021.01.16-20.48.20:760][367]LogModuleManager: Shutting down and abandoning module AvfMediaFactory (550)
[2021.01.16-20.48.20:760][367]LogModuleManager: Shutting down and abandoning module AvfMediaEditor (548)
[2021.01.16-20.48.20:761][367]LogModuleManager: Shutting down and abandoning module AndroidMediaFactory (546)
[2021.01.16-20.48.20:761][367]LogModuleManager: Shutting down and abandoning module AndroidMediaEditor (544)
[2021.01.16-20.48.20:761][367]LogModuleManager: Shutting down and abandoning module MagicLeapCameraPreviewFactory (542)
[2021.01.16-20.48.20:761][367]LogModuleManager: Shutting down and abandoning module MagicLeapMediaFactory (540)
[2021.01.16-20.48.20:761][367]LogModuleManager: Shutting down and abandoning module MagicLeapMediaEditor (538)
[2021.01.16-20.48.20:761][367]LogModuleManager: Shutting down and abandoning module CharacterAI (536)
[2021.01.16-20.48.20:761][367]LogModuleManager: Shutting down and abandoning module SmartSnapping (534)
[2021.01.16-20.48.20:761][367]LogModuleManager: Shutting down and abandoning module SessionServices (532)
[2021.01.16-20.48.20:761][367]LogModuleManager: Shutting down and abandoning module ViewportSnapping (530)
[2021.01.16-20.48.20:761][367]LogModuleManager: Shutting down and abandoning module ViewportInteraction (528)
[2021.01.16-20.48.20:762][367]LogModuleManager: Shutting down and abandoning module ClothPainter (526)
[2021.01.16-20.48.20:763][367]LogModuleManager: Shutting down and abandoning module SkeletalMeshEditor (525)
[2021.01.16-20.48.20:765][367]LogModuleManager: Shutting down and abandoning module LogVisualizer (522)
[2021.01.16-20.48.20:766][367]LogModuleManager: Shutting down and abandoning module IntroTutorials (520)
[2021.01.16-20.48.20:766][367]LogModuleManager: Shutting down and abandoning module GameProjectGeneration (519)
[2021.01.16-20.48.20:767][367]LogModuleManager: Shutting down and abandoning module LuminPlatformEditor (516)
[2021.01.16-20.48.20:767][367]LogModuleManager: Shutting down and abandoning module IOSPlatformEditor (514)
[2021.01.16-20.48.20:767][367]LogModuleManager: Shutting down and abandoning module HTML5PlatformEditor (512)
[2021.01.16-20.48.20:767][367]LogModuleManager: Shutting down and abandoning module AndroidPlatformEditor (510)
[2021.01.16-20.48.20:767][367]LogModuleManager: Shutting down and abandoning module AndroidDeviceDetection (509)
[2021.01.16-20.48.20:949][367]LogModuleManager: Shutting down and abandoning module WindowsPlatformEditor (506)
[2021.01.16-20.48.20:950][367]LogModuleManager: Shutting down and abandoning module LuminRuntimeSettings (504)
[2021.01.16-20.48.20:950][367]LogModuleManager: Shutting down and abandoning module IOSRuntimeSettings (502)
[2021.01.16-20.48.20:950][367]LogModuleManager: Shutting down and abandoning module AndroidRuntimeSettings (500)
[2021.01.16-20.48.20:950][367]LogModuleManager: Shutting down and abandoning module InputBindingEditor (498)
[2021.01.16-20.48.20:951][367]LogModuleManager: Shutting down and abandoning module MergeActors (496)
[2021.01.16-20.48.20:951][367]LogModuleManager: Shutting down and abandoning module LocalizationDashboard (494)
[2021.01.16-20.48.20:952][367]LogModuleManager: Shutting down and abandoning module LocalizationService (493)
[2021.01.16-20.48.20:952][367]LogModuleManager: Shutting down and abandoning module HardwareTargeting (490)
[2021.01.16-20.48.20:952][367]LogModuleManager: Shutting down and abandoning module DeviceProfileEditor (488)
[2021.01.16-20.48.20:952][367]LogModuleManager: Shutting down and abandoning module UndoHistory (486)
[2021.01.16-20.48.20:952][367]LogModuleManager: Shutting down and abandoning module XmlParser (484)
[2021.01.16-20.48.20:952][367]LogModuleManager: Shutting down and abandoning module Blutility (482)
[2021.01.16-20.48.20:952][367]LogModuleManager: Shutting down and abandoning module ProjectSettingsViewer (480)
[2021.01.16-20.48.20:952][367]LogModuleManager: Shutting down and abandoning module ProjectTargetPlatformEditor (479)
[2021.01.16-20.48.20:953][367]LogModuleManager: Shutting down and abandoning module EditorSettingsViewer (476)
[2021.01.16-20.48.20:953][367]LogModuleManager: Shutting down and abandoning module SettingsEditor (474)
[2021.01.16-20.48.20:953][367]LogModuleManager: Shutting down and abandoning module ProjectLauncher (472)
[2021.01.16-20.48.20:953][367]LogModuleManager: Shutting down and abandoning module SessionFrontend (470)
[2021.01.16-20.48.20:953][367]LogModuleManager: Shutting down and abandoning module ProfilerClient (468)
[2021.01.16-20.48.20:954][367]LogModuleManager: Shutting down and abandoning module DeviceManager (466)
[2021.01.16-20.48.20:955][367]LogModuleManager: Shutting down and abandoning module TargetDeviceServices (465)
[2021.01.16-20.48.21:021][367]LogModuleManager: Shutting down and abandoning module AutomationController (462)
[2021.01.16-20.48.21:021][367]LogModuleManager: Shutting down and abandoning module AutomationWindow (460)
[2021.01.16-20.48.21:023][367]LogModuleManager: Shutting down and abandoning module Layers (458)
[2021.01.16-20.48.21:026][367]LogModuleManager: Shutting down and abandoning module ComponentVisualizers (456)
[2021.01.16-20.48.21:026][367]LogModuleManager: Shutting down and abandoning module DetailCustomizations (454)
[2021.01.16-20.48.21:026][367]LogModuleManager: Shutting down and abandoning module PackagesDialog (452)
[2021.01.16-20.48.21:027][367]LogModuleManager: Shutting down and abandoning module Persona (450)
[2021.01.16-20.48.21:028][367]LogModuleManager: Shutting down and abandoning module AdvancedPreviewScene (449)
[2021.01.16-20.48.21:028][367]LogModuleManager: Shutting down and abandoning module AnimGraph (447)
[2021.01.16-20.48.21:028][367]LogModuleManager: Shutting down and abandoning module Kismet (444)
[2021.01.16-20.48.21:029][367]LogModuleManager: Shutting down and abandoning module GraphEditor (442)
[2021.01.16-20.48.21:032][367]LogModuleManager: Shutting down and abandoning module ClassViewer (440)
[2021.01.16-20.48.21:032][367]LogModuleManager: Shutting down and abandoning module Toolbox (438)
[2021.01.16-20.48.21:032][367]LogModuleManager: Shutting down and abandoning module ModuleUI (436)
[2021.01.16-20.48.21:033][367]LogModuleManager: Shutting down and abandoning module MovieSceneTools (434)
[2021.01.16-20.48.21:033][367]LogModuleManager: Shutting down and abandoning module OutputLog (432)
[2021.01.16-20.48.21:033][367]LogModuleManager: Shutting down and abandoning module GammaUI (430)
[2021.01.16-20.48.21:034][367]LogModuleManager: Shutting down and abandoning module Documentation (428)
[2021.01.16-20.48.21:034][367]LogModuleManager: Shutting down and abandoning module MovieSceneTracks (426)
[2021.01.16-20.48.21:035][367]LogModuleManager: Shutting down and abandoning module MovieScene (424)
[2021.01.16-20.48.21:035][367]LogModuleManager: Shutting down and abandoning module StreamingPauseRendering (422)
[2021.01.16-20.48.21:035][367]LogModuleManager: Shutting down and abandoning module LauncherPlatform (420)
[2021.01.16-20.48.21:035][367]LogModuleManager: Shutting down and abandoning module AnalyticsET (418)
[2021.01.16-20.48.21:035][367]LogModuleManager: Shutting down and abandoning module PortalServices (416)
[2021.01.16-20.48.21:035][367]LogModuleManager: Shutting down and abandoning module PortalRpc (414)
[2021.01.16-20.48.21:035][367]LogModuleManager: Shutting down and abandoning module MessagingRpc (412)
[2021.01.16-20.48.21:035][367]LogModuleManager: Shutting down and abandoning module AIModule (410)
[2021.01.16-20.48.21:035][367]LogModuleManager: Shutting down and abandoning module GameplayDebugger (409)
[2021.01.16-20.48.21:035][367]LogModuleManager: Shutting down and abandoning module AITestSuite (407)
[2021.01.16-20.48.21:035][367]LogModuleManager: Shutting down and abandoning module NavigationSystem (405)
[2021.01.16-20.48.21:035][367]LogModuleManager: Shutting down and abandoning module DesktopPlatform (402)
[2021.01.16-20.48.21:035][367]LogModuleManager: Shutting down and abandoning module ProfilerService (400)
[2021.01.16-20.48.21:096][367]LogModuleManager: Shutting down and abandoning module TaskGraph (398)
[2021.01.16-20.48.21:096][367]LogModuleManager: Shutting down and abandoning module SteamVRController (396)
[2021.01.16-20.48.21:097][367]LogModuleManager: Shutting down and abandoning module ProceduralMeshComponentEditor (394)
[2021.01.16-20.48.21:097][367]LogModuleManager: Shutting down and abandoning module ProceduralMeshComponent (392)
[2021.01.16-20.48.21:097][367]LogModuleManager: Shutting down and abandoning module OculusInput (390)
[2021.01.16-20.48.21:097][367]LogModuleManager: Shutting down and abandoning module MobilePatchingUtils (388)
[2021.01.16-20.48.21:097][367]LogModuleManager: Shutting down and abandoning module EditableMesh (386)
[2021.01.16-20.48.21:098][367]LogModuleManager: Shutting down and abandoning module CustomMeshComponent (384)
[2021.01.16-20.48.21:098][367]LogModuleManager: Shutting down and abandoning module CableComponent (382)
[2021.01.16-20.48.21:098][367]LogModuleManager: Shutting down and abandoning module AudioCapture (380)
[2021.01.16-20.48.21:098][367]LogModuleManager: Shutting down and abandoning module ArchVisCharacter (378)
[2021.01.16-20.48.21:098][367]LogModuleManager: Shutting down and abandoning module AndroidPermission (376)
[2021.01.16-20.48.21:098][367]LogModuleManager: Shutting down and abandoning module NUTUnrealEngine4 (374)
[2021.01.16-20.48.21:098][367]LogModuleManager: Shutting down and abandoning module NetcodeUnitTest (372)
[2021.01.16-20.48.21:099][367]LogModuleManager: Shutting down and abandoning module MediaCompositingEditor (370)
[2021.01.16-20.48.21:100][367]LogModuleManager: Shutting down and abandoning module MediaCompositing (368)
[2021.01.16-20.48.21:100][367]LogModuleManager: Shutting down and abandoning module LinearTimecode (366)
[2021.01.16-20.48.21:100][367]LogModuleManager: Shutting down and abandoning module ImgMedia (364)
[2021.01.16-20.48.21:107][367]LogModuleManager: Shutting down and abandoning module HTML5Networking (362)
[2021.01.16-20.48.21:107][367]LogModuleManager: Shutting down and abandoning module GeometryCacheTracks (360)
[2021.01.16-20.48.21:107][367]LogModuleManager: Shutting down and abandoning module GeometryCacheSequencer (358)
[2021.01.16-20.48.21:107][367]LogModuleManager: Shutting down and abandoning module BackChannel (356)
[2021.01.16-20.48.21:107][367]LogModuleManager: Shutting down and abandoning module AppleVision (354)
[2021.01.16-20.48.21:107][367]LogModuleManager: Shutting down and abandoning module AppleImageUtils (352)
[2021.01.16-20.48.21:107][367]LogModuleManager: Shutting down and abandoning module AlembicImporter (350)
[2021.01.16-20.48.21:107][367]LogModuleManager: Shutting down and abandoning module AlembicLibrary (349)
[2021.01.16-20.48.21:107][367]LogModuleManager: Shutting down and abandoning module GeometryCache (348)
[2021.01.16-20.48.21:107][367]LogModuleManager: Shutting down and abandoning module GeometryCacheEd (347)
[2021.01.16-20.48.21:107][367]LogModuleManager: Shutting down and abandoning module DatasmithContentEditor (342)
[2021.01.16-20.48.21:107][367]LogModuleManager: Shutting down and abandoning module DatasmithContent (340)
[2021.01.16-20.48.21:108][367]LogModuleManager: Shutting down and abandoning module SpeedTreeImporter (338)
[2021.01.16-20.48.21:108][367]LogModuleManager: Shutting down and abandoning module PluginBrowser (336)
[2021.01.16-20.48.21:108][367]LogModuleManager: Shutting down and abandoning module MobileLauncherProfileWizard (334)
[2021.01.16-20.48.21:108][367]LogModuleManager: Shutting down and abandoning module PolygonModeling (332)
[2021.01.16-20.48.21:108][367]LogModuleManager: Shutting down and abandoning module MeshEditor (330)
[2021.01.16-20.48.21:109][367]LogModuleManager: Shutting down and abandoning module CryptoKeysOpenSSL (328)
[2021.01.16-20.48.21:109][367]LogModuleManager: Shutting down and abandoning module CryptoKeys (326)
[2021.01.16-20.48.21:109][367]LogModuleManager: Shutting down and abandoning module VisualStudioSourceCodeAccess (324)
[2021.01.16-20.48.21:109][367]LogModuleManager: Shutting down and abandoning module VisualStudioCodeSourceCodeAccess (322)
[2021.01.16-20.48.21:109][367]LogModuleManager: Shutting down and abandoning module UObjectPlugin (320)
[2021.01.16-20.48.21:109][367]LogModuleManager: Shutting down and abandoning module SubversionSourceControl (318)
[2021.01.16-20.48.21:109][367]LogModuleManager: Shutting down and abandoning module PerforceSourceControl (316)
[2021.01.16-20.48.21:110][367]LogModuleManager: Shutting down and abandoning module GitSourceControl (314)
[2021.01.16-20.48.21:110][367]LogModuleManager: Shutting down and abandoning module SourceControl (313)
[2021.01.16-20.48.21:110][367]LogModuleManager: Shutting down and abandoning module CLionSourceCodeAccess (310)
[2021.01.16-20.48.21:110][367]LogModuleManager: Shutting down and abandoning module LightPropagationVolumeEditor (308)
[2021.01.16-20.48.21:110][367]LogModuleManager: Shutting down and abandoning module PaperTiledImporter (306)
[2021.01.16-20.48.21:110][367]LogModuleManager: Shutting down and abandoning module PaperSpriteSheetImporter (304)
[2021.01.16-20.48.21:110][367]LogModuleManager: Shutting down and abandoning module Paper2DEditor (302)
[2021.01.16-20.48.21:111][367]LogModuleManager: Shutting down and abandoning module MeshPaint (301)
[2021.01.16-20.48.21:111][367]LogModuleManager: Shutting down and abandoning module RuntimePhysXCooking (298)
[2021.01.16-20.48.21:111][367]LogModuleManager: Shutting down and abandoning module PhysXVehiclesEditor (296)
[2021.01.16-20.48.21:111][367]LogModuleManager: Shutting down and abandoning module PhysXVehicles (294)
[2021.01.16-20.48.21:111][367]LogModuleManager: Shutting down and abandoning module OculusEditor (292)
[2021.01.16-20.48.21:111][367]LogModuleManager: Shutting down and abandoning module LocationServicesBPLibrary (290)
[2021.01.16-20.48.21:111][367]LogModuleManager: Shutting down and abandoning module ImmediatePhysicsEditor (288)
[2021.01.16-20.48.21:111][367]LogModuleManager: Shutting down and abandoning module ImmediatePhysics (286)
[2021.01.16-20.48.21:111][367]LogModuleManager: Shutting down and abandoning module ActorSequence (284)
[2021.01.16-20.48.21:111][367]LogModuleManager: Shutting down and abandoning module UdpMessaging (282)
[2021.01.16-20.48.21:213][367]LogModuleManager: Shutting down and abandoning module TcpMessaging (280)
[2021.01.16-20.48.21:313][367]LogModuleManager: Shutting down and abandoning module MagicLeapAudio (278)
[2021.01.16-20.48.21:313][367]LogModuleManager: Shutting down and abandoning module GameplayTagsEditor (276)
[2021.01.16-20.48.21:314][367]LogModuleManager: Shutting down and abandoning module FacialAnimationEditor (274)
[2021.01.16-20.48.21:314][367]LogModuleManager: Shutting down and abandoning module FacialAnimation (272)
[2021.01.16-20.48.21:314][367]LogModuleManager: Shutting down and abandoning module DataValidation (270)
[2021.01.16-20.48.21:314][367]LogModuleManager: Shutting down and abandoning module AssetManagerEditor (268)
[2021.01.16-20.48.21:316][367]LogModuleManager: Shutting down and abandoning module LevelEditor (267)
[2021.01.16-20.48.21:316][367]LogModuleManager: Shutting down and abandoning module PixelInspectorModule (266)
[2021.01.16-20.48.21:317][367]LogModuleManager: Shutting down and abandoning module CommonMenuExtensions (264)
[2021.01.16-20.48.21:317][367]LogModuleManager: Shutting down and abandoning module MainFrame (262)
[2021.01.16-20.48.21:317][367]LogModuleManager: Shutting down and abandoning module HotReload (261)
[2021.01.16-20.48.21:317][367]LogModuleManager: Shutting down and abandoning module ContentBrowser (257)
[2021.01.16-20.48.21:318][367]LogModuleManager: Shutting down and abandoning module TreeMap (255)
[2021.01.16-20.48.21:318][367]LogModuleManager: Shutting down and abandoning module LightPropagationVolumeRuntime (252)
[2021.01.16-20.48.21:319][367]LogModuleManager: Shutting down and abandoning module AISupportModule (250)
[2021.01.16-20.48.21:319][367]LogModuleManager: Shutting down and abandoning module Paper2D (248)
[2021.01.16-20.48.21:319][367]LogModuleManager: Shutting down and abandoning module WindowsMoviePlayer (246)
[2021.01.16-20.48.21:319][367]LogModuleManager: Shutting down and abandoning module WmfMedia (244)
[2021.01.16-20.48.21:322][367]LogModuleManager: Shutting down and abandoning module Media (243)
[2021.01.16-20.48.21:328][367]LogModuleManager: Shutting down and abandoning module PacketHandler (240)
[2021.01.16-20.48.21:328][367]LogModuleManager: Shutting down and abandoning module ClothingSystemEditor (238)
[2021.01.16-20.48.21:328][367]LogModuleManager: Shutting down and abandoning module ClothingSystemRuntime (236)
[2021.01.16-20.48.21:330][367]LogModuleManager: Shutting down and abandoning module MediaAssets (234)
[2021.01.16-20.48.21:330][367]LogModuleManager: Shutting down and abandoning module Overlay (232)
[2021.01.16-20.48.21:330][367]LogModuleManager: Shutting down and abandoning module OverlayEditor (231)
[2021.01.16-20.48.21:330][367]LogModuleManager: Shutting down and abandoning module VREditor (228)
[2021.01.16-20.48.21:331][367]LogModuleManager: Shutting down and abandoning module StringTableEditor (226)
[2021.01.16-20.48.21:332][367]LogModuleManager: Shutting down and abandoning module GameplayTasksEditor (224)
[2021.01.16-20.48.21:332][367]LogModuleManager: Shutting down and abandoning module BehaviorTreeEditor (222)
[2021.01.16-20.48.21:333][367]LogModuleManager: Shutting down and abandoning module FunctionalTesting (220)
[2021.01.16-20.48.21:333][367]LogModuleManager: Shutting down and abandoning module CollisionAnalyzer (218)
[2021.01.16-20.48.21:333][367]LogModuleManager: Shutting down and abandoning module WorkspaceMenuStructure (217)
[2021.01.16-20.48.21:333][367]LogModuleManager: Shutting down and abandoning module UMG (214)
[2021.01.16-20.48.21:334][367]LogModuleManager: Shutting down and abandoning module UMGEditor (213)
[2021.01.16-20.48.21:336][367]LogModuleManager: Shutting down and abandoning module Sequencer (212)
[2021.01.16-20.48.21:338][367]LogModuleManager: Shutting down and abandoning module MessageLog (209)
[2021.01.16-20.48.21:338][367]LogModuleManager: Shutting down and abandoning module SlateReflector (204)
[2021.01.16-20.48.21:340][367]LogModuleManager: Shutting down and abandoning module Slate (202)
[2021.01.16-20.48.21:340][367]LogModuleManager: Shutting down and abandoning module EditorStyle (200)
[2021.01.16-20.48.21:342][367]LogModuleManager: Shutting down and abandoning module MRMesh (198)
[2021.01.16-20.48.21:342][367]LogModuleManager: Shutting down and abandoning module SourceCodeAccess (196)
[2021.01.16-20.48.21:342][367]LogModuleManager: Shutting down and abandoning module HeadMountedDisplay (194)
[2021.01.16-20.48.21:342][367]LogModuleManager: Shutting down and abandoning module XAudio2 (192)
[2021.01.16-20.48.21:342][367]LogModuleManager: Shutting down and abandoning module Networking (190)
[2021.01.16-20.48.21:342][367]LogModuleManager: Shutting down and abandoning module Core (188)
[2021.01.16-20.48.21:342][367]LogModuleManager: Shutting down and abandoning module LevelSequence (186)
[2021.01.16-20.48.21:342][367]LogModuleManager: Shutting down and abandoning module KismetCompiler (184)
[2021.01.16-20.48.21:343][367]LogModuleManager: Shutting down and abandoning module MeshUtilities (182)
[2021.01.16-20.48.21:343][367]LogModuleManager: Shutting down and abandoning module MeshMergeUtilities (181)
[2021.01.16-20.48.21:343][367]LogModuleManager: Shutting down and abandoning module MeshReductionInterface (180)
[2021.01.16-20.48.21:343][367]LogModuleManager: Shutting down and abandoning module SimplygonSwarm (179)
[2021.01.16-20.48.21:344][367]LogModuleManager: Shutting down and abandoning module ProxyLODMeshReduction (177)
[2021.01.16-20.48.21:346][367]LogModuleManager: Shutting down and abandoning module SimplygonMeshReduction (175)
[2021.01.16-20.48.21:346][367]LogModuleManager: Shutting down and abandoning module QuadricMeshReduction (173)
[2021.01.16-20.48.21:347][367]LogModuleManager: Shutting down and abandoning module MaterialBaking (169)
[2021.01.16-20.48.21:348][367]LogModuleManager: Shutting down and abandoning module DirectoryWatcher (165)
[2021.01.16-20.48.21:348][367]LogModuleManager: Shutting down and abandoning module DerivedDataCache (162)
[2021.01.16-20.48.21:541][367]LogDerivedDataCache: Shutdown
[2021.01.16-20.48.21:541][367]LogModuleManager: Shutting down and abandoning module XGEController (160)
[2021.01.16-20.48.21:541][367]LogXGEController: Cleaning working directory: C:/Users/torra/AppData/Local/Temp/UnrealXGEWorkingDir/
[2021.01.16-20.48.21:541][367]LogModuleManager: Shutting down and abandoning module TargetPlatform (158)
[2021.01.16-20.48.21:541][367]LogModuleManager: Shutting down and abandoning module VulkanShaderFormat (157)
[2021.01.16-20.48.21:541][367]LogModuleManager: Shutting down and abandoning module ShaderFormatVectorVM (155)
[2021.01.16-20.48.21:541][367]LogModuleManager: Shutting down and abandoning module ShaderFormatOpenGL (153)
[2021.01.16-20.48.21:542][367]LogModuleManager: Shutting down and abandoning module ShaderFormatD3D (151)
[2021.01.16-20.48.21:542][367]LogModuleManager: Shutting down and abandoning module MetalShaderFormat (149)
[2021.01.16-20.48.21:543][367]LogModuleManager: Shutting down and abandoning module TextureFormatUncompressed (147)
[2021.01.16-20.48.21:543][367]LogModuleManager: Shutting down and abandoning module TextureFormatPVR (145)
[2021.01.16-20.48.21:543][367]LogModuleManager: Shutting down and abandoning module TextureFormatDXT (143)
[2021.01.16-20.48.21:543][367]LogModuleManager: Shutting down and abandoning module TextureFormatIntelISPCTexComp (141)
[2021.01.16-20.48.21:543][367]LogModuleManager: Shutting down and abandoning module TextureFormatASTC (139)
[2021.01.16-20.48.21:543][367]LogModuleManager: Shutting down and abandoning module ImageWrapper (138)
[2021.01.16-20.48.21:543][367]LogModuleManager: Shutting down and abandoning module TextureFormatAndroid (135)
[2021.01.16-20.48.21:543][367]LogModuleManager: Shutting down and abandoning module AudioFormatOpus (133)
[2021.01.16-20.48.21:543][367]LogModuleManager: Shutting down and abandoning module AudioFormatOgg (131)
[2021.01.16-20.48.21:543][367]LogModuleManager: Shutting down and abandoning module AudioFormatADPCM (129)
[2021.01.16-20.48.21:543][367]LogModuleManager: Shutting down and abandoning module LuminTargetPlatform (127)
[2021.01.16-20.48.21:543][367]LogModuleManager: Shutting down and abandoning module LinuxTargetPlatform (125)
[2021.01.16-20.48.21:543][367]LogModuleManager: Shutting down and abandoning module LinuxServerTargetPlatform (123)
[2021.01.16-20.48.21:543][367]LogModuleManager: Shutting down and abandoning module LinuxNoEditorTargetPlatform (121)
[2021.01.16-20.48.21:544][367]LogModuleManager: Shutting down and abandoning module LinuxClientTargetPlatform (119)
[2021.01.16-20.48.21:544][367]LogModuleManager: Shutting down and abandoning module TVOSTargetPlatform (117)
[2021.01.16-20.48.21:544][367]LogModuleManager: Shutting down and abandoning module Messaging (115)
[2021.01.16-20.48.21:544][367]LogModuleManager: Shutting down and abandoning module IOSTargetPlatform (113)
[2021.01.16-20.48.21:545][367]LogModuleManager: Shutting down and abandoning module HTML5TargetPlatform (111)
[2021.01.16-20.48.21:545][367]LogModuleManager: Shutting down and abandoning module AndroidTargetPlatform (109)
[2021.01.16-20.48.21:552][367]LogModuleManager: Shutting down and abandoning module WindowsTargetPlatform (107)
[2021.01.16-20.48.21:552][367]LogModuleManager: Shutting down and abandoning module WindowsServerTargetPlatform (105)
[2021.01.16-20.48.21:552][367]LogModuleManager: Shutting down and abandoning module WindowsNoEditorTargetPlatform (103)
[2021.01.16-20.48.21:552][367]LogModuleManager: Shutting down and abandoning module WindowsClientTargetPlatform (101)
[2021.01.16-20.48.21:552][367]LogModuleManager: Shutting down and abandoning module MacTargetPlatform (99)
[2021.01.16-20.48.21:552][367]LogModuleManager: Shutting down and abandoning module MacServerTargetPlatform (97)
[2021.01.16-20.48.21:552][367]LogModuleManager: Shutting down and abandoning module MacNoEditorTargetPlatform (95)
[2021.01.16-20.48.21:552][367]LogModuleManager: Shutting down and abandoning module MacClientTargetPlatform (93)
[2021.01.16-20.48.21:552][367]LogModuleManager: Shutting down and abandoning module AllDesktopTargetPlatform (91)
[2021.01.16-20.48.21:552][367]LogModuleManager: Shutting down and abandoning module InputCore (88)
[2021.01.16-20.48.21:552][367]LogModuleManager: Shutting down and abandoning module Settings (86)
[2021.01.16-20.48.21:552][367]LogModuleManager: Shutting down and abandoning module PhysXCooking (84)
[2021.01.16-20.48.21:552][367]LogModuleManager: Shutting down and abandoning module SteamVR (82)
[2021.01.16-20.48.21:553][367]LogModuleManager: Shutting down and abandoning module OculusHMD (80)
[2021.01.16-20.48.21:553][367]LogModuleManager: Shutting down and abandoning module ExampleDeviceProfileSelector (78)
[2021.01.16-20.48.21:553][367]LogModuleManager: Shutting down and abandoning module LauncherChunkInstaller (76)
[2021.01.16-20.48.21:553][367]LogModuleManager: Shutting down and abandoning module OnlineBlueprintSupport (74)
[2021.01.16-20.48.21:553][367]LogModuleManager: Shutting down and abandoning module OnlineSubsystem (70)
[2021.01.16-20.48.21:555][367]LogModuleManager: Shutting down and abandoning module XMPP (65)
[2021.01.16-20.48.21:557][367]LogModuleManager: Shutting down and abandoning module WebSockets (64)
[2021.01.16-20.48.21:563][367]LogModuleManager: Shutting down and abandoning module HTTP (61)
[2021.01.16-20.48.21:564][367]LogHttp: Display: Http module shutting down, but needs to wait on 1 outstanding Http requests:
[2021.01.16-20.48.21:564][367]LogHttp: Display: 	verb=[POST] url=[https://datarouter.ol.epicgames.com/datarouter/api/v1/public/data?SessionID=%7B463D0067-421A-A8FB-1A94-66AC6BAF89BE%7D&AppID=UEEditor.Rocket.Release&AppVersion=4.20.3-4369336%2B%2B%2BUE4%2BRelease-4.20&UserID=20b5a1354a8c15e0e8c66bb2a3058456%7Ce6512cb8604744178bf061b68307babf%7C03918e10-f6b0-4481-8214-2069b30b7b9f&AppEnvironment=datacollector-binary&UploadType=eteventstream] status=Processing
[2021.01.16-20.48.21:571][367]LogModuleManager: Shutting down and abandoning module SSL (60)
[2021.01.16-20.48.21:573][367]LogModuleManager: Shutting down and abandoning module MagicLeapEmulator (56)
[2021.01.16-20.48.21:573][367]LogModuleManager: Shutting down and abandoning module MagicLeapPrivileges (54)
[2021.01.16-20.48.21:573][367]LogModuleManager: Shutting down and abandoning module MagicLeapIdentity (52)
[2021.01.16-20.48.21:573][367]LogModuleManager: Shutting down and abandoning module MagicLeapHelperVulkan (50)
[2021.01.16-20.48.21:573][367]LogModuleManager: Shutting down and abandoning module MagicLeapHelperOpenGL (48)
[2021.01.16-20.48.21:573][367]LogModuleManager: Shutting down and abandoning module MagicLeapSecureStorage (46)
[2021.01.16-20.48.21:573][367]LogModuleManager: Shutting down and abandoning module MagicLeapGestures (44)
[2021.01.16-20.48.21:573][367]LogModuleManager: Shutting down and abandoning module MagicLeapEyeTracker (42)
[2021.01.16-20.48.21:574][367]LogModuleManager: Shutting down and abandoning module MagicLeapController (40)
[2021.01.16-20.48.21:574][367]LogSlate: Slate User Destroyed.  User Index 0, Is Virtual User: 0
[2021.01.16-20.48.21:574][367]LogModuleManager: Shutting down and abandoning module MagicLeap (38)
[2021.01.16-20.48.21:574][367]LogModuleManager: Shutting down and abandoning module AnimationModifiers (36)
[2021.01.16-20.48.21:575][367]LogModuleManager: Shutting down and abandoning module PropertyEditor (35)
[2021.01.16-20.48.21:575][367]LogModuleManager: Shutting down and abandoning module AudioEditor (32)
[2021.01.16-20.48.21:576][367]LogModuleManager: Shutting down and abandoning module TextureCompressor (30)
[2021.01.16-20.48.21:577][367]LogModuleManager: Shutting down and abandoning module ShaderCore (28)
[2021.01.16-20.48.21:577][367]LogModuleManager: Shutting down and abandoning module Landscape (26)
[2021.01.16-20.48.21:577][367]LogModuleManager: Shutting down and abandoning module SlateRHIRenderer (24)
[2021.01.16-20.48.21:578][367]LogModuleManager: Shutting down and abandoning module OpenGLDrv (22)
[2021.01.16-20.48.21:579][367]LogModuleManager: Shutting down and abandoning module D3D11RHI (20)
[2021.01.16-20.48.21:579][367]LogModuleManager: Shutting down and abandoning module AnimGraphRuntime (18)
[2021.01.16-20.48.21:579][367]LogModuleManager: Shutting down and abandoning module Renderer (16)
[2021.01.16-20.48.21:579][367]LogModuleManager: Shutting down and abandoning module Engine (14)
[2021.01.16-20.48.21:579][367]LogModuleManager: Shutting down and abandoning module CoreUObject (12)
[2021.01.16-20.48.21:579][367]LogModuleManager: Shutting down and abandoning module NetworkFile (10)
[2021.01.16-20.48.21:579][367]LogModuleManager: Shutting down and abandoning module CookedIterativeFile (8)
[2021.01.16-20.48.21:579][367]LogModuleManager: Shutting down and abandoning module StreamingFile (6)
[2021.01.16-20.48.21:579][367]LogModuleManager: Shutting down and abandoning module SandboxFile (4)
[2021.01.16-20.48.21:579][367]LogModuleManager: Shutting down and abandoning module PakFile (2)
[2021.01.16-20.48.21:595][367]LogExit: Exiting.
[2021.01.16-20.48.21:598][367]Log file closed, 01/16/21 21:48:21
